FATAL  | wrapper  | 2022/06/24 14:09:38 | OpenSCManager failed - Zugriff verweigert (0x5)
STATUS | wrapper  | 2022/06/24 14:09:45 | ActiveMQ installed.
STATUS | wrapper  | 2022/06/24 14:09:46 | --> Wrapper Started as Console
STATUS | wrapper  | 2022/06/24 14:09:47 | Launching a JVM...
INFO   | jvm 1    | 2022/06/24 14:09:47 | Wrapper (Version 3.2.3) http://wrapper.tanukisoftware.org
INFO   | jvm 1    | 2022/06/24 14:09:47 |   Copyright 1999-2006 Tanuki Software, Inc.  All Rights Reserved.
INFO   | jvm 1    | 2022/06/24 14:09:47 | 
INFO   | jvm 1    | 2022/06/24 14:09:47 | 
INFO   | jvm 1    | 2022/06/24 14:09:47 | WARNING - Unable to load the Wrapper's native library 'wrapper.dll'.
INFO   | jvm 1    | 2022/06/24 14:09:47 |           The file is located on the path at the following location but
INFO   | jvm 1    | 2022/06/24 14:09:47 |           could not be loaded:
INFO   | jvm 1    | 2022/06/24 14:09:47 |             C:\dev\4-DISYS\DISYS-ChargingStation\ActiveMQ\apache-activemq-5.17.1\bin\win32\..\..\bin\win32\wrapper.dll
INFO   | jvm 1    | 2022/06/24 14:09:47 |           Please verify that the file is readable by the current user
INFO   | jvm 1    | 2022/06/24 14:09:47 |           and that the file has not been corrupted in any way.
INFO   | jvm 1    | 2022/06/24 14:09:47 |           One common cause of this problem is running a 32-bit version
INFO   | jvm 1    | 2022/06/24 14:09:47 |           of the Wrapper with a 64-bit version of Java, or vica versa.
INFO   | jvm 1    | 2022/06/24 14:09:47 |           This is a 64-bit JVM.
INFO   | jvm 1    | 2022/06/24 14:09:47 |           Reported cause:
INFO   | jvm 1    | 2022/06/24 14:09:47 |             C:\dev\4-DISYS\DISYS-ChargingStation\ActiveMQ\apache-activemq-5.17.1\bin\win32\wrapper.dll: Can't load IA 32-bit .dll on a AMD 64-bit platform
INFO   | jvm 1    | 2022/06/24 14:09:47 |           System signals will not be handled correctly.
INFO   | jvm 1    | 2022/06/24 14:09:47 | 
INFO   | jvm 1    | 2022/06/24 14:09:47 | WrapperSimpleApp: Unable to locate the class org.apache.activemq.console.Main: java.lang.UnsupportedClassVersionError: org/apache/activemq/console/Main has been compiled by a more recent version of the Java Runtime (class file version 55.0), this version of the Java Runtime only recognizes class file versions up to 52.0
INFO   | jvm 1    | 2022/06/24 14:09:47 | 
INFO   | jvm 1    | 2022/06/24 14:09:47 | WrapperSimpleApp Usage:
INFO   | jvm 1    | 2022/06/24 14:09:47 |   java org.tanukisoftware.wrapper.WrapperSimpleApp {app_class} [app_arguments]
INFO   | jvm 1    | 2022/06/24 14:09:47 | 
INFO   | jvm 1    | 2022/06/24 14:09:47 | Where:
INFO   | jvm 1    | 2022/06/24 14:09:47 |   app_class:      The fully qualified class name of the application to run.
INFO   | jvm 1    | 2022/06/24 14:09:47 |   app_arguments:  The arguments that would normally be passed to the
INFO   | jvm 1    | 2022/06/24 14:09:47 |                   application.
STATUS | wrapper  | 2022/06/24 14:09:50 | <-- Wrapper Stopped
STATUS | wrapper  | 2022/06/24 14:46:35 | --> Wrapper Started as Console
STATUS | wrapper  | 2022/06/24 14:46:35 | Launching a JVM...
INFO   | jvm 1    | 2022/06/24 14:46:36 | Wrapper (Version 3.2.3) http://wrapper.tanukisoftware.org
INFO   | jvm 1    | 2022/06/24 14:46:36 |   Copyright 1999-2006 Tanuki Software, Inc.  All Rights Reserved.
INFO   | jvm 1    | 2022/06/24 14:46:36 | 
INFO   | jvm 1    | 2022/06/24 14:46:36 | WrapperSimpleApp: Unable to locate the class org.apache.activemq.console.Main: java.lang.UnsupportedClassVersionError: org/apache/activemq/console/Main has been compiled by a more recent version of the Java Runtime (class file version 55.0), this version of the Java Runtime only recognizes class file versions up to 52.0
INFO   | jvm 1    | 2022/06/24 14:46:36 | 
INFO   | jvm 1    | 2022/06/24 14:46:36 | WrapperSimpleApp Usage:
INFO   | jvm 1    | 2022/06/24 14:46:36 |   java org.tanukisoftware.wrapper.WrapperSimpleApp {app_class} [app_arguments]
INFO   | jvm 1    | 2022/06/24 14:46:36 | 
INFO   | jvm 1    | 2022/06/24 14:46:36 | Where:
INFO   | jvm 1    | 2022/06/24 14:46:36 |   app_class:      The fully qualified class name of the application to run.
INFO   | jvm 1    | 2022/06/24 14:46:36 |   app_arguments:  The arguments that would normally be passed to the
INFO   | jvm 1    | 2022/06/24 14:46:36 |                   application.
STATUS | wrapper  | 2022/06/24 14:46:39 | <-- Wrapper Stopped
STATUS | wrapper  | 2022/06/24 14:47:33 | --> Wrapper Started as Console
STATUS | wrapper  | 2022/06/24 14:47:33 | Launching a JVM...
INFO   | jvm 1    | 2022/06/24 14:47:33 | Wrapper (Version 3.2.3) http://wrapper.tanukisoftware.org
INFO   | jvm 1    | 2022/06/24 14:47:33 |   Copyright 1999-2006 Tanuki Software, Inc.  All Rights Reserved.
INFO   | jvm 1    | 2022/06/24 14:47:33 | 
INFO   | jvm 1    | 2022/06/24 14:47:33 | WrapperSimpleApp: Unable to locate the class org.apache.activemq.console.Main: java.lang.UnsupportedClassVersionError: org/apache/activemq/console/Main has been compiled by a more recent version of the Java Runtime (class file version 55.0), this version of the Java Runtime only recognizes class file versions up to 52.0
INFO   | jvm 1    | 2022/06/24 14:47:33 | 
INFO   | jvm 1    | 2022/06/24 14:47:33 | WrapperSimpleApp Usage:
INFO   | jvm 1    | 2022/06/24 14:47:33 |   java org.tanukisoftware.wrapper.WrapperSimpleApp {app_class} [app_arguments]
INFO   | jvm 1    | 2022/06/24 14:47:33 | 
INFO   | jvm 1    | 2022/06/24 14:47:33 | Where:
INFO   | jvm 1    | 2022/06/24 14:47:33 |   app_class:      The fully qualified class name of the application to run.
INFO   | jvm 1    | 2022/06/24 14:47:33 |   app_arguments:  The arguments that would normally be passed to the
INFO   | jvm 1    | 2022/06/24 14:47:33 |                   application.
STATUS | wrapper  | 2022/06/24 14:47:36 | <-- Wrapper Stopped
STATUS | wrapper  | 2022/06/24 14:50:09 | --> Wrapper Started as Console
STATUS | wrapper  | 2022/06/24 14:50:09 | Launching a JVM...
INFO   | jvm 1    | 2022/06/24 14:50:09 | Wrapper (Version 3.2.3) http://wrapper.tanukisoftware.org
INFO   | jvm 1    | 2022/06/24 14:50:09 |   Copyright 1999-2006 Tanuki Software, Inc.  All Rights Reserved.
INFO   | jvm 1    | 2022/06/24 14:50:09 | 
INFO   | jvm 1    | 2022/06/24 14:50:09 | Java Runtime: Oracle Corporation 17.0.2 C:\JDK\jdk-17.0.2
INFO   | jvm 1    | 2022/06/24 14:50:09 |   Heap sizes: current=1048576k  free=1037312k  max=1048576k
INFO   | jvm 1    | 2022/06/24 14:50:09 |     JVM args: -Dactivemq.home=../.. -Dactivemq.base=../.. -Djavax.net.ssl.keyStorePassword=password -Djavax.net.ssl.trustStorePassword=password -Djavax.net.ssl.keyStore=../../conf/broker.ks -Djavax.net.ssl.trustStore=../../conf/broker.ts -Dcom.sun.management.jmxremote -Dorg.apache.activemq.UseDedicatedTaskRunner=false -Djava.util.logging.config.file=logging.properties -Dactivemq.conf=../../conf -Dactivemq.data=../../data -Djava.security.auth.login.config=../../conf/login.config -Xms1024m -Xmx1024m -Djava.library.path=../../bin/win64 -Dwrapper.key=BN0zFemWato238Re -Dwrapper.port=32000 -Dwrapper.jvm.port.min=31000 -Dwrapper.jvm.port.max=31999 -Dwrapper.pid=13476 -Dwrapper.version=3.2.3 -Dwrapper.native_library=wrapper -Dwrapper.cpu.timeout=10 -Dwrapper.jvmid=1
INFO   | jvm 1    | 2022/06/24 14:50:09 | Extensions classpath:
INFO   | jvm 1    | 2022/06/24 14:50:09 |   [..\..\lib,..\..\lib\camel,..\..\lib\optional,..\..\lib\web,..\..\lib\extra]
INFO   | jvm 1    | 2022/06/24 14:50:09 | ACTIVEMQ_HOME: ..\..
INFO   | jvm 1    | 2022/06/24 14:50:09 | ACTIVEMQ_BASE: ..\..
INFO   | jvm 1    | 2022/06/24 14:50:09 | ACTIVEMQ_CONF: ..\..\conf
INFO   | jvm 1    | 2022/06/24 14:50:09 | ACTIVEMQ_DATA: ..\..\data
INFO   | jvm 1    | 2022/06/24 14:50:10 | Loading message broker from: xbean:activemq.xml
INFO   | jvm 1    | 2022/06/24 14:50:10 |  INFO | Using Persistence Adapter: KahaDBPersistenceAdapter[C:\dev\4-DISYS\DISYS-ChargingStation\ActiveMQ\apache-activemq-5.17.1\bin\win64\..\..\data\kahadb]
INFO   | jvm 1    | 2022/06/24 14:50:11 |  INFO | PListStore:[C:\dev\4-DISYS\DISYS-ChargingStation\ActiveMQ\apache-activemq-5.17.1\bin\win64\..\..\data\localhost\tmp_storage] started
INFO   | jvm 1    | 2022/06/24 14:50:11 |  INFO | Apache ActiveMQ 5.17.1 (localhost, ID:DESKTOP-P98JIU4-63156-1656075011013-0:1) is starting
INFO   | jvm 1    | 2022/06/24 14:50:11 |  INFO | Listening for connections at: tcp://DESKTOP-P98JIU4:61616?maximumConnections=1000&wireFormat.maxFrameSize=104857600
INFO   | jvm 1    | 2022/06/24 14:50:11 |  INFO | Connector openwire started
INFO   | jvm 1    | 2022/06/24 14:50:11 |  INFO | Listening for connections at: amqp://DESKTOP-P98JIU4:5672?maximumConnections=1000&wireFormat.maxFrameSize=104857600
INFO   | jvm 1    | 2022/06/24 14:50:11 |  INFO | Connector amqp started
INFO   | jvm 1    | 2022/06/24 14:50:11 |  INFO | Listening for connections at: stomp://DESKTOP-P98JIU4:61613?maximumConnections=1000&wireFormat.maxFrameSize=104857600
INFO   | jvm 1    | 2022/06/24 14:50:11 |  INFO | Connector stomp started
INFO   | jvm 1    | 2022/06/24 14:50:11 |  INFO | Listening for connections at: mqtt://DESKTOP-P98JIU4:1883?maximumConnections=1000&wireFormat.maxFrameSize=104857600
INFO   | jvm 1    | 2022/06/24 14:50:11 |  INFO | Connector mqtt started
INFO   | jvm 1    | 2022/06/24 14:50:11 |  INFO | Starting Jetty server
INFO   | jvm 1    | 2022/06/24 14:50:11 |  INFO | Creating Jetty connector
INFO   | jvm 1    | 2022/06/24 14:50:11 |  WARN | ServletContext@o.e.j.s.ServletContextHandler@4d743beb{/,null,STARTING} has uncovered http methods for path: /
INFO   | jvm 1    | 2022/06/24 14:50:11 |  INFO | Listening for connections at ws://DESKTOP-P98JIU4:61614?maximumConnections=1000&wireFormat.maxFrameSize=104857600
INFO   | jvm 1    | 2022/06/24 14:50:11 |  INFO | Connector ws started
INFO   | jvm 1    | 2022/06/24 14:50:11 |  INFO | Apache ActiveMQ 5.17.1 (localhost, ID:DESKTOP-P98JIU4-63156-1656075011013-0:1) started
INFO   | jvm 1    | 2022/06/24 14:50:11 |  INFO | For help or more information please see: http://activemq.apache.org
INFO   | jvm 1    | 2022/06/24 14:50:11 |  WARN | Store limit is 102400 mb (current store usage is 0 mb). The data directory: C:\dev\4-DISYS\DISYS-ChargingStation\ActiveMQ\apache-activemq-5.17.1\bin\win64\..\..\data\kahadb only has 56016 mb of usable space. - resetting to maximum available disk space: 56016 mb
INFO   | jvm 1    | 2022/06/24 14:50:11 |  INFO | ActiveMQ WebConsole available at http://127.0.0.1:8161/
INFO   | jvm 1    | 2022/06/24 14:50:11 |  INFO | ActiveMQ Jolokia REST API available at http://127.0.0.1:8161/api/jolokia/
STATUS | wrapper  | 2022/06/24 22:04:31 | --> Wrapper Started as Console
STATUS | wrapper  | 2022/06/24 22:04:31 | Launching a JVM...
INFO   | jvm 1    | 2022/06/24 22:04:31 | Wrapper (Version 3.2.3) http://wrapper.tanukisoftware.org
INFO   | jvm 1    | 2022/06/24 22:04:31 |   Copyright 1999-2006 Tanuki Software, Inc.  All Rights Reserved.
INFO   | jvm 1    | 2022/06/24 22:04:31 | 
INFO   | jvm 1    | 2022/06/24 22:04:31 | Java Runtime: Oracle Corporation 17.0.2 C:\JDK\jdk-17.0.2
INFO   | jvm 1    | 2022/06/24 22:04:31 |   Heap sizes: current=1048576k  free=1037312k  max=1048576k
INFO   | jvm 1    | 2022/06/24 22:04:31 |     JVM args: -Dactivemq.home=../.. -Dactivemq.base=../.. -Djavax.net.ssl.keyStorePassword=password -Djavax.net.ssl.trustStorePassword=password -Djavax.net.ssl.keyStore=../../conf/broker.ks -Djavax.net.ssl.trustStore=../../conf/broker.ts -Dcom.sun.management.jmxremote -Dorg.apache.activemq.UseDedicatedTaskRunner=false -Djava.util.logging.config.file=logging.properties -Dactivemq.conf=../../conf -Dactivemq.data=../../data -Djava.security.auth.login.config=../../conf/login.config -Xms1024m -Xmx1024m -Djava.library.path=../../bin/win64 -Dwrapper.key=gg4UYZoZE37YXnEk -Dwrapper.port=32000 -Dwrapper.jvm.port.min=31000 -Dwrapper.jvm.port.max=31999 -Dwrapper.pid=23148 -Dwrapper.version=3.2.3 -Dwrapper.native_library=wrapper -Dwrapper.cpu.timeout=10 -Dwrapper.jvmid=1
INFO   | jvm 1    | 2022/06/24 22:04:31 | Extensions classpath:
INFO   | jvm 1    | 2022/06/24 22:04:31 |   [..\..\lib,..\..\lib\camel,..\..\lib\optional,..\..\lib\web,..\..\lib\extra]
INFO   | jvm 1    | 2022/06/24 22:04:31 | ACTIVEMQ_HOME: ..\..
INFO   | jvm 1    | 2022/06/24 22:04:31 | ACTIVEMQ_BASE: ..\..
INFO   | jvm 1    | 2022/06/24 22:04:31 | ACTIVEMQ_CONF: ..\..\conf
INFO   | jvm 1    | 2022/06/24 22:04:31 | ACTIVEMQ_DATA: ..\..\data
INFO   | jvm 1    | 2022/06/24 22:04:32 | Loading message broker from: xbean:activemq.xml
INFO   | jvm 1    | 2022/06/24 22:04:32 |  INFO | Using Persistence Adapter: KahaDBPersistenceAdapter[C:\dev\4-DISYS\DISYS-ChargingStation\ActiveMQ\apache-activemq-5.17.1\bin\win64\..\..\data\kahadb]
INFO   | jvm 1    | 2022/06/24 22:04:32 |  INFO | Page File: ..\..\data\kahadb\db.data. Recovering pageFile free list due to prior unclean shutdown..
INFO   | jvm 1    | 2022/06/24 22:04:32 |  INFO | KahaDB is version 7
INFO   | jvm 1    | 2022/06/24 22:04:32 |  INFO | Page File: ..\..\data\kahadb\db.data. Recovered pageFile free list of size: 0
INFO   | jvm 1    | 2022/06/24 22:04:33 |  INFO | PListStore:[C:\dev\4-DISYS\DISYS-ChargingStation\ActiveMQ\apache-activemq-5.17.1\bin\win64\..\..\data\localhost\tmp_storage] started
INFO   | jvm 1    | 2022/06/24 22:04:33 |  INFO | Apache ActiveMQ 5.17.1 (localhost, ID:DESKTOP-P98JIU4-62263-1656101072990-0:1) is starting
INFO   | jvm 1    | 2022/06/24 22:04:33 |  INFO | Listening for connections at: tcp://DESKTOP-P98JIU4:61616?maximumConnections=1000&wireFormat.maxFrameSize=104857600
INFO   | jvm 1    | 2022/06/24 22:04:33 |  INFO | Connector openwire started
INFO   | jvm 1    | 2022/06/24 22:04:33 |  INFO | Listening for connections at: amqp://DESKTOP-P98JIU4:5672?maximumConnections=1000&wireFormat.maxFrameSize=104857600
INFO   | jvm 1    | 2022/06/24 22:04:33 |  INFO | Connector amqp started
INFO   | jvm 1    | 2022/06/24 22:04:33 |  INFO | Listening for connections at: stomp://DESKTOP-P98JIU4:61613?maximumConnections=1000&wireFormat.maxFrameSize=104857600
INFO   | jvm 1    | 2022/06/24 22:04:33 |  INFO | Connector stomp started
INFO   | jvm 1    | 2022/06/24 22:04:33 |  INFO | Listening for connections at: mqtt://DESKTOP-P98JIU4:1883?maximumConnections=1000&wireFormat.maxFrameSize=104857600
INFO   | jvm 1    | 2022/06/24 22:04:33 |  INFO | Connector mqtt started
INFO   | jvm 1    | 2022/06/24 22:04:33 |  INFO | Starting Jetty server
INFO   | jvm 1    | 2022/06/24 22:04:33 |  INFO | Creating Jetty connector
INFO   | jvm 1    | 2022/06/24 22:04:33 |  WARN | ServletContext@o.e.j.s.ServletContextHandler@17a22e86{/,null,STARTING} has uncovered http methods for path: /
INFO   | jvm 1    | 2022/06/24 22:04:33 |  INFO | Listening for connections at ws://DESKTOP-P98JIU4:61614?maximumConnections=1000&wireFormat.maxFrameSize=104857600
INFO   | jvm 1    | 2022/06/24 22:04:33 |  INFO | Connector ws started
INFO   | jvm 1    | 2022/06/24 22:04:33 |  INFO | Apache ActiveMQ 5.17.1 (localhost, ID:DESKTOP-P98JIU4-62263-1656101072990-0:1) started
INFO   | jvm 1    | 2022/06/24 22:04:33 |  INFO | For help or more information please see: http://activemq.apache.org
INFO   | jvm 1    | 2022/06/24 22:04:33 |  WARN | Store limit is 102400 mb (current store usage is 0 mb). The data directory: C:\dev\4-DISYS\DISYS-ChargingStation\ActiveMQ\apache-activemq-5.17.1\bin\win64\..\..\data\kahadb only has 55591 mb of usable space. - resetting to maximum available disk space: 55591 mb
INFO   | jvm 1    | 2022/06/24 22:04:33 |  INFO | ActiveMQ WebConsole available at http://127.0.0.1:8161/
INFO   | jvm 1    | 2022/06/24 22:04:33 |  INFO | ActiveMQ Jolokia REST API available at http://127.0.0.1:8161/api/jolokia/
STATUS | wrapper  | 2022/06/24 22:11:10 | --> Wrapper Started as Console
STATUS | wrapper  | 2022/06/24 22:11:11 | Launching a JVM...
INFO   | jvm 1    | 2022/06/24 22:11:11 | Wrapper (Version 3.2.3) http://wrapper.tanukisoftware.org
INFO   | jvm 1    | 2022/06/24 22:11:11 |   Copyright 1999-2006 Tanuki Software, Inc.  All Rights Reserved.
INFO   | jvm 1    | 2022/06/24 22:11:11 | 
INFO   | jvm 1    | 2022/06/24 22:11:11 | Java Runtime: Oracle Corporation 17.0.2 C:\JDK\jdk-17.0.2
INFO   | jvm 1    | 2022/06/24 22:11:11 |   Heap sizes: current=1048576k  free=1037312k  max=1048576k
INFO   | jvm 1    | 2022/06/24 22:11:11 |     JVM args: -Dactivemq.home=../.. -Dactivemq.base=../.. -Djavax.net.ssl.keyStorePassword=password -Djavax.net.ssl.trustStorePassword=password -Djavax.net.ssl.keyStore=../../conf/broker.ks -Djavax.net.ssl.trustStore=../../conf/broker.ts -Dcom.sun.management.jmxremote -Dorg.apache.activemq.UseDedicatedTaskRunner=false -Djava.util.logging.config.file=logging.properties -Dactivemq.conf=../../conf -Dactivemq.data=../../data -Djava.security.auth.login.config=../../conf/login.config -Xms1024m -Xmx1024m -Djava.library.path=../../bin/win64 -Dwrapper.key=Dbq3jXGCU3e4Wdhl -Dwrapper.port=32000 -Dwrapper.jvm.port.min=31000 -Dwrapper.jvm.port.max=31999 -Dwrapper.pid=23304 -Dwrapper.version=3.2.3 -Dwrapper.native_library=wrapper -Dwrapper.cpu.timeout=10 -Dwrapper.jvmid=1
INFO   | jvm 1    | 2022/06/24 22:11:11 | Extensions classpath:
INFO   | jvm 1    | 2022/06/24 22:11:11 |   [..\..\lib,..\..\lib\camel,..\..\lib\optional,..\..\lib\web,..\..\lib\extra]
INFO   | jvm 1    | 2022/06/24 22:11:11 | ACTIVEMQ_HOME: ..\..
INFO   | jvm 1    | 2022/06/24 22:11:11 | ACTIVEMQ_BASE: ..\..
INFO   | jvm 1    | 2022/06/24 22:11:11 | ACTIVEMQ_CONF: ..\..\conf
INFO   | jvm 1    | 2022/06/24 22:11:11 | ACTIVEMQ_DATA: ..\..\data
INFO   | jvm 1    | 2022/06/24 22:11:11 | Loading message broker from: xbean:activemq.xml
INFO   | jvm 1    | 2022/06/24 22:11:12 |  INFO | Using Persistence Adapter: KahaDBPersistenceAdapter[C:\dev\4-DISYS\DISYS-ChargingStation\ActiveMQ\apache-activemq-5.17.1\bin\win64\..\..\data\kahadb]
INFO   | jvm 1    | 2022/06/24 22:11:12 |  INFO | Page File: ..\..\data\kahadb\db.data. Recovering pageFile free list due to prior unclean shutdown..
INFO   | jvm 1    | 2022/06/24 22:11:12 |  INFO | KahaDB is version 7
INFO   | jvm 1    | 2022/06/24 22:11:12 |  INFO | Page File: ..\..\data\kahadb\db.data. Recovered pageFile free list of size: 0
INFO   | jvm 1    | 2022/06/24 22:11:12 |  INFO | PListStore:[C:\dev\4-DISYS\DISYS-ChargingStation\ActiveMQ\apache-activemq-5.17.1\bin\win64\..\..\data\localhost\tmp_storage] started
INFO   | jvm 1    | 2022/06/24 22:11:12 |  INFO | Apache ActiveMQ 5.17.1 (localhost, ID:DESKTOP-P98JIU4-59974-1656101472628-0:1) is starting
INFO   | jvm 1    | 2022/06/24 22:11:12 |  INFO | Listening for connections at: tcp://DESKTOP-P98JIU4:61616?maximumConnections=1000&wireFormat.maxFrameSize=104857600
INFO   | jvm 1    | 2022/06/24 22:11:12 |  INFO | Connector openwire started
INFO   | jvm 1    | 2022/06/24 22:11:12 |  INFO | Listening for connections at: amqp://DESKTOP-P98JIU4:5672?maximumConnections=1000&wireFormat.maxFrameSize=104857600
INFO   | jvm 1    | 2022/06/24 22:11:12 |  INFO | Connector amqp started
INFO   | jvm 1    | 2022/06/24 22:11:12 |  INFO | Listening for connections at: stomp://DESKTOP-P98JIU4:61613?maximumConnections=1000&wireFormat.maxFrameSize=104857600
INFO   | jvm 1    | 2022/06/24 22:11:12 |  INFO | Connector stomp started
INFO   | jvm 1    | 2022/06/24 22:11:12 |  INFO | Listening for connections at: mqtt://DESKTOP-P98JIU4:1883?maximumConnections=1000&wireFormat.maxFrameSize=104857600
INFO   | jvm 1    | 2022/06/24 22:11:12 |  INFO | Connector mqtt started
INFO   | jvm 1    | 2022/06/24 22:11:12 |  INFO | Starting Jetty server
INFO   | jvm 1    | 2022/06/24 22:11:12 |  INFO | Creating Jetty connector
INFO   | jvm 1    | 2022/06/24 22:11:12 |  WARN | ServletContext@o.e.j.s.ServletContextHandler@59ab0218{/,null,STARTING} has uncovered http methods for path: /
INFO   | jvm 1    | 2022/06/24 22:11:12 |  INFO | Listening for connections at ws://DESKTOP-P98JIU4:61614?maximumConnections=1000&wireFormat.maxFrameSize=104857600
INFO   | jvm 1    | 2022/06/24 22:11:12 |  INFO | Connector ws started
INFO   | jvm 1    | 2022/06/24 22:11:12 |  INFO | Apache ActiveMQ 5.17.1 (localhost, ID:DESKTOP-P98JIU4-59974-1656101472628-0:1) started
INFO   | jvm 1    | 2022/06/24 22:11:12 |  INFO | For help or more information please see: http://activemq.apache.org
INFO   | jvm 1    | 2022/06/24 22:11:12 |  WARN | Store limit is 102400 mb (current store usage is 0 mb). The data directory: C:\dev\4-DISYS\DISYS-ChargingStation\ActiveMQ\apache-activemq-5.17.1\bin\win64\..\..\data\kahadb only has 55538 mb of usable space. - resetting to maximum available disk space: 55538 mb
INFO   | jvm 1    | 2022/06/24 22:11:13 |  INFO | ActiveMQ WebConsole available at http://127.0.0.1:8161/
INFO   | jvm 1    | 2022/06/24 22:11:13 |  INFO | ActiveMQ Jolokia REST API available at http://127.0.0.1:8161/api/jolokia/
INFO   | jvm 1    | 2022/06/24 22:28:47 |  INFO | Connector vm://localhost started
INFO   | jvm 1    | 2022/06/24 22:30:58 |  INFO | Removing message jobInfoQueue(ID:DESKTOP-P98JIU4-60323-1656102010341-11:1:1:1:1)
INFO   | jvm 1    | 2022/06/24 23:11:13 |  INFO | Connector vm://localhost stopped
INFO   | jvm 1    | 2022/06/24 23:39:50 |  INFO | Connector vm://localhost started
INFO   | jvm 1    | 2022/06/25 00:11:13 |  INFO | Connector vm://localhost stopped
INFO   | jvm 1    | 2022/06/25 00:14:42 |  INFO | Connector vm://localhost started
STATUS | wrapper  | 2022/06/25 10:58:45 | --> Wrapper Started as Console
STATUS | wrapper  | 2022/06/25 10:58:45 | Launching a JVM...
INFO   | jvm 1    | 2022/06/25 10:58:46 | Wrapper (Version 3.2.3) http://wrapper.tanukisoftware.org
INFO   | jvm 1    | 2022/06/25 10:58:46 |   Copyright 1999-2006 Tanuki Software, Inc.  All Rights Reserved.
INFO   | jvm 1    | 2022/06/25 10:58:46 | 
INFO   | jvm 1    | 2022/06/25 10:58:46 | Java Runtime: Oracle Corporation 17.0.2 C:\JDK\jdk-17.0.2
INFO   | jvm 1    | 2022/06/25 10:58:46 |   Heap sizes: current=1048576k  free=1037312k  max=1048576k
INFO   | jvm 1    | 2022/06/25 10:58:46 |     JVM args: -Dactivemq.home=../.. -Dactivemq.base=../.. -Djavax.net.ssl.keyStorePassword=password -Djavax.net.ssl.trustStorePassword=password -Djavax.net.ssl.keyStore=../../conf/broker.ks -Djavax.net.ssl.trustStore=../../conf/broker.ts -Dcom.sun.management.jmxremote -Dorg.apache.activemq.UseDedicatedTaskRunner=false -Djava.util.logging.config.file=logging.properties -Dactivemq.conf=../../conf -Dactivemq.data=../../data -Djava.security.auth.login.config=../../conf/login.config -Xms1024m -Xmx1024m -Djava.library.path=../../bin/win64 -Dwrapper.key=92qYjKmkKHtWByZ7 -Dwrapper.port=32000 -Dwrapper.jvm.port.min=31000 -Dwrapper.jvm.port.max=31999 -Dwrapper.pid=11148 -Dwrapper.version=3.2.3 -Dwrapper.native_library=wrapper -Dwrapper.cpu.timeout=10 -Dwrapper.jvmid=1
INFO   | jvm 1    | 2022/06/25 10:58:46 | Extensions classpath:
INFO   | jvm 1    | 2022/06/25 10:58:46 |   [..\..\lib,..\..\lib\camel,..\..\lib\optional,..\..\lib\web,..\..\lib\extra]
INFO   | jvm 1    | 2022/06/25 10:58:46 | ACTIVEMQ_HOME: ..\..
INFO   | jvm 1    | 2022/06/25 10:58:46 | ACTIVEMQ_BASE: ..\..
INFO   | jvm 1    | 2022/06/25 10:58:46 | ACTIVEMQ_CONF: ..\..\conf
INFO   | jvm 1    | 2022/06/25 10:58:46 | ACTIVEMQ_DATA: ..\..\data
INFO   | jvm 1    | 2022/06/25 10:58:49 | Loading message broker from: xbean:activemq.xml
INFO   | jvm 1    | 2022/06/25 10:58:50 |  INFO | Using Persistence Adapter: KahaDBPersistenceAdapter[C:\dev\4-DISYS\DISYS-ChargingStation\ActiveMQ\apache-activemq-5.17.1\bin\win64\..\..\data\kahadb]
INFO   | jvm 1    | 2022/06/25 10:58:50 |  INFO | Page File: ..\..\data\kahadb\db.data. Recovering pageFile free list due to prior unclean shutdown..
INFO   | jvm 1    | 2022/06/25 10:58:50 |  INFO | KahaDB is version 7
INFO   | jvm 1    | 2022/06/25 10:58:50 |  INFO | Page File: ..\..\data\kahadb\db.data. Recovered pageFile free list of size: 6
INFO   | jvm 1    | 2022/06/25 10:58:50 |  INFO | Recovering from the journal @1:1813
INFO   | jvm 1    | 2022/06/25 10:58:50 |  INFO | Recovery replayed 3 operations from the journal in 0.016 seconds.
INFO   | jvm 1    | 2022/06/25 10:58:50 |  INFO | PListStore:[C:\dev\4-DISYS\DISYS-ChargingStation\ActiveMQ\apache-activemq-5.17.1\bin\win64\..\..\data\localhost\tmp_storage] started
INFO   | jvm 1    | 2022/06/25 10:58:50 |  INFO | Apache ActiveMQ 5.17.1 (localhost, ID:DESKTOP-P98JIU4-61632-1656147530307-0:1) is starting
INFO   | jvm 1    | 2022/06/25 10:58:50 |  INFO | Listening for connections at: tcp://DESKTOP-P98JIU4:61616?maximumConnections=1000&wireFormat.maxFrameSize=104857600
INFO   | jvm 1    | 2022/06/25 10:58:50 |  INFO | Connector openwire started
INFO   | jvm 1    | 2022/06/25 10:58:50 |  INFO | Listening for connections at: amqp://DESKTOP-P98JIU4:5672?maximumConnections=1000&wireFormat.maxFrameSize=104857600
INFO   | jvm 1    | 2022/06/25 10:58:50 |  INFO | Connector amqp started
INFO   | jvm 1    | 2022/06/25 10:58:50 |  INFO | Listening for connections at: stomp://DESKTOP-P98JIU4:61613?maximumConnections=1000&wireFormat.maxFrameSize=104857600
INFO   | jvm 1    | 2022/06/25 10:58:50 |  INFO | Connector stomp started
INFO   | jvm 1    | 2022/06/25 10:58:50 |  INFO | Listening for connections at: mqtt://DESKTOP-P98JIU4:1883?maximumConnections=1000&wireFormat.maxFrameSize=104857600
INFO   | jvm 1    | 2022/06/25 10:58:50 |  INFO | Connector mqtt started
INFO   | jvm 1    | 2022/06/25 10:58:50 |  INFO | Starting Jetty server
INFO   | jvm 1    | 2022/06/25 10:58:50 |  INFO | Creating Jetty connector
INFO   | jvm 1    | 2022/06/25 10:58:50 |  WARN | ServletContext@o.e.j.s.ServletContextHandler@20835c06{/,null,STARTING} has uncovered http methods for path: /
INFO   | jvm 1    | 2022/06/25 10:58:50 |  INFO | Listening for connections at ws://DESKTOP-P98JIU4:61614?maximumConnections=1000&wireFormat.maxFrameSize=104857600
INFO   | jvm 1    | 2022/06/25 10:58:50 |  INFO | Connector ws started
INFO   | jvm 1    | 2022/06/25 10:58:50 |  INFO | Apache ActiveMQ 5.17.1 (localhost, ID:DESKTOP-P98JIU4-61632-1656147530307-0:1) started
INFO   | jvm 1    | 2022/06/25 10:58:50 |  INFO | For help or more information please see: http://activemq.apache.org
INFO   | jvm 1    | 2022/06/25 10:58:50 |  WARN | Store limit is 102400 mb (current store usage is 0 mb). The data directory: C:\dev\4-DISYS\DISYS-ChargingStation\ActiveMQ\apache-activemq-5.17.1\bin\win64\..\..\data\kahadb only has 55884 mb of usable space. - resetting to maximum available disk space: 55884 mb
INFO   | jvm 1    | 2022/06/25 10:58:51 |  INFO | ActiveMQ WebConsole available at http://127.0.0.1:8161/
INFO   | jvm 1    | 2022/06/25 10:58:51 |  INFO | ActiveMQ Jolokia REST API available at http://127.0.0.1:8161/api/jolokia/
INFO   | jvm 1    | 2022/06/25 11:01:27 |  INFO | Connector vm://localhost started
STATUS | wrapper  | 2022/06/25 20:18:03 | --> Wrapper Started as Console
STATUS | wrapper  | 2022/06/25 20:18:03 | Launching a JVM...
INFO   | jvm 1    | 2022/06/25 20:18:04 | Wrapper (Version 3.2.3) http://wrapper.tanukisoftware.org
INFO   | jvm 1    | 2022/06/25 20:18:04 |   Copyright 1999-2006 Tanuki Software, Inc.  All Rights Reserved.
INFO   | jvm 1    | 2022/06/25 20:18:04 | 
INFO   | jvm 1    | 2022/06/25 20:18:04 | Java Runtime: Oracle Corporation 17.0.2 C:\JDK\jdk-17.0.2
INFO   | jvm 1    | 2022/06/25 20:18:04 |   Heap sizes: current=1048576k  free=1038336k  max=1048576k
INFO   | jvm 1    | 2022/06/25 20:18:04 |     JVM args: -Dactivemq.home=../.. -Dactivemq.base=../.. -Djavax.net.ssl.keyStorePassword=password -Djavax.net.ssl.trustStorePassword=password -Djavax.net.ssl.keyStore=../../conf/broker.ks -Djavax.net.ssl.trustStore=../../conf/broker.ts -Dcom.sun.management.jmxremote -Dorg.apache.activemq.UseDedicatedTaskRunner=false -Djava.util.logging.config.file=logging.properties -Dactivemq.conf=../../conf -Dactivemq.data=../../data -Djava.security.auth.login.config=../../conf/login.config -Xms1024m -Xmx1024m -Djava.library.path=../../bin/win64 -Dwrapper.key=HthN1Ub1M5KQu4gr -Dwrapper.port=32000 -Dwrapper.jvm.port.min=31000 -Dwrapper.jvm.port.max=31999 -Dwrapper.pid=24988 -Dwrapper.version=3.2.3 -Dwrapper.native_library=wrapper -Dwrapper.cpu.timeout=10 -Dwrapper.jvmid=1
INFO   | jvm 1    | 2022/06/25 20:18:04 | Extensions classpath:
INFO   | jvm 1    | 2022/06/25 20:18:04 |   [..\..\lib,..\..\lib\camel,..\..\lib\optional,..\..\lib\web,..\..\lib\extra]
INFO   | jvm 1    | 2022/06/25 20:18:04 | ACTIVEMQ_HOME: ..\..
INFO   | jvm 1    | 2022/06/25 20:18:04 | ACTIVEMQ_BASE: ..\..
INFO   | jvm 1    | 2022/06/25 20:18:04 | ACTIVEMQ_CONF: ..\..\conf
INFO   | jvm 1    | 2022/06/25 20:18:04 | ACTIVEMQ_DATA: ..\..\data
INFO   | jvm 1    | 2022/06/25 20:18:05 | Loading message broker from: xbean:activemq.xml
INFO   | jvm 1    | 2022/06/25 20:18:05 |  INFO | Using Persistence Adapter: KahaDBPersistenceAdapter[C:\dev\4-DISYS\DISYS-ChargingStation\ActiveMQ\apache-activemq-5.17.1\bin\win64\..\..\data\kahadb]
INFO   | jvm 1    | 2022/06/25 20:18:05 |  INFO | Page File: ..\..\data\kahadb\db.data. Recovering pageFile free list due to prior unclean shutdown..
INFO   | jvm 1    | 2022/06/25 20:18:05 |  INFO | KahaDB is version 7
INFO   | jvm 1    | 2022/06/25 20:18:06 |  INFO | Page File: ..\..\data\kahadb\db.data. Recovered pageFile free list of size: 0
INFO   | jvm 1    | 2022/06/25 20:18:06 |  INFO | Recovering from the journal @1:2571
INFO   | jvm 1    | 2022/06/25 20:18:06 |  INFO | Recovery replayed 9 operations from the journal in 0.018 seconds.
INFO   | jvm 1    | 2022/06/25 20:18:06 |  INFO | PListStore:[C:\dev\4-DISYS\DISYS-ChargingStation\ActiveMQ\apache-activemq-5.17.1\bin\win64\..\..\data\localhost\tmp_storage] started
INFO   | jvm 1    | 2022/06/25 20:18:06 |  INFO | Apache ActiveMQ 5.17.1 (localhost, ID:DESKTOP-P98JIU4-59836-1656181086071-0:1) is starting
INFO   | jvm 1    | 2022/06/25 20:18:06 |  INFO | Listening for connections at: tcp://DESKTOP-P98JIU4:61616?maximumConnections=1000&wireFormat.maxFrameSize=104857600
INFO   | jvm 1    | 2022/06/25 20:18:06 |  INFO | Connector openwire started
INFO   | jvm 1    | 2022/06/25 20:18:06 |  INFO | Listening for connections at: amqp://DESKTOP-P98JIU4:5672?maximumConnections=1000&wireFormat.maxFrameSize=104857600
INFO   | jvm 1    | 2022/06/25 20:18:06 |  INFO | Connector amqp started
INFO   | jvm 1    | 2022/06/25 20:18:06 |  INFO | Listening for connections at: stomp://DESKTOP-P98JIU4:61613?maximumConnections=1000&wireFormat.maxFrameSize=104857600
INFO   | jvm 1    | 2022/06/25 20:18:06 |  INFO | Connector stomp started
INFO   | jvm 1    | 2022/06/25 20:18:06 |  INFO | Listening for connections at: mqtt://DESKTOP-P98JIU4:1883?maximumConnections=1000&wireFormat.maxFrameSize=104857600
INFO   | jvm 1    | 2022/06/25 20:18:06 |  INFO | Connector mqtt started
INFO   | jvm 1    | 2022/06/25 20:18:06 |  INFO | Starting Jetty server
INFO   | jvm 1    | 2022/06/25 20:18:06 |  INFO | Creating Jetty connector
INFO   | jvm 1    | 2022/06/25 20:18:06 |  WARN | ServletContext@o.e.j.s.ServletContextHandler@61a2cb87{/,null,STARTING} has uncovered http methods for path: /
INFO   | jvm 1    | 2022/06/25 20:18:06 |  INFO | Listening for connections at ws://DESKTOP-P98JIU4:61614?maximumConnections=1000&wireFormat.maxFrameSize=104857600
INFO   | jvm 1    | 2022/06/25 20:18:06 |  INFO | Connector ws started
INFO   | jvm 1    | 2022/06/25 20:18:06 |  INFO | Apache ActiveMQ 5.17.1 (localhost, ID:DESKTOP-P98JIU4-59836-1656181086071-0:1) started
INFO   | jvm 1    | 2022/06/25 20:18:06 |  INFO | For help or more information please see: http://activemq.apache.org
INFO   | jvm 1    | 2022/06/25 20:18:06 |  WARN | Store limit is 102400 mb (current store usage is 0 mb). The data directory: C:\dev\4-DISYS\DISYS-ChargingStation\ActiveMQ\apache-activemq-5.17.1\bin\win64\..\..\data\kahadb only has 57492 mb of usable space. - resetting to maximum available disk space: 57492 mb
INFO   | jvm 1    | 2022/06/25 20:18:06 |  INFO | ActiveMQ WebConsole available at http://127.0.0.1:8161/
INFO   | jvm 1    | 2022/06/25 20:18:06 |  INFO | ActiveMQ Jolokia REST API available at http://127.0.0.1:8161/api/jolokia/
INFO   | jvm 1    | 2022/06/25 21:35:49 |  INFO | Connector vm://localhost started
INFO   | jvm 1    | 2022/06/25 22:08:06 |  INFO | Connector vm://localhost stopped
INFO   | jvm 1    | 2022/06/25 22:21:11 |  INFO | Connector vm://localhost started
STATUS | wrapper  | 2022/06/26 00:08:29 | --> Wrapper Started as Console
STATUS | wrapper  | 2022/06/26 00:08:29 | Launching a JVM...
INFO   | jvm 1    | 2022/06/26 00:08:30 | Wrapper (Version 3.2.3) http://wrapper.tanukisoftware.org
INFO   | jvm 1    | 2022/06/26 00:08:30 |   Copyright 1999-2006 Tanuki Software, Inc.  All Rights Reserved.
INFO   | jvm 1    | 2022/06/26 00:08:30 | 
INFO   | jvm 1    | 2022/06/26 00:08:30 | Java Runtime: Oracle Corporation 17.0.2 C:\JDK\jdk-17.0.2
INFO   | jvm 1    | 2022/06/26 00:08:30 |   Heap sizes: current=1048576k  free=1037312k  max=1048576k
INFO   | jvm 1    | 2022/06/26 00:08:30 |     JVM args: -Dactivemq.home=../.. -Dactivemq.base=../.. -Djavax.net.ssl.keyStorePassword=password -Djavax.net.ssl.trustStorePassword=password -Djavax.net.ssl.keyStore=../../conf/broker.ks -Djavax.net.ssl.trustStore=../../conf/broker.ts -Dcom.sun.management.jmxremote -Dorg.apache.activemq.UseDedicatedTaskRunner=false -Djava.util.logging.config.file=logging.properties -Dactivemq.conf=../../conf -Dactivemq.data=../../data -Djava.security.auth.login.config=../../conf/login.config -Xms1024m -Xmx1024m -Djava.library.path=../../bin/win64 -Dwrapper.key=aKJHESuKibAwTgtN -Dwrapper.port=32000 -Dwrapper.jvm.port.min=31000 -Dwrapper.jvm.port.max=31999 -Dwrapper.pid=2304 -Dwrapper.version=3.2.3 -Dwrapper.native_library=wrapper -Dwrapper.cpu.timeout=10 -Dwrapper.jvmid=1
INFO   | jvm 1    | 2022/06/26 00:08:30 | Extensions classpath:
INFO   | jvm 1    | 2022/06/26 00:08:30 |   [..\..\lib,..\..\lib\camel,..\..\lib\optional,..\..\lib\web,..\..\lib\extra]
INFO   | jvm 1    | 2022/06/26 00:08:30 | ACTIVEMQ_HOME: ..\..
INFO   | jvm 1    | 2022/06/26 00:08:30 | ACTIVEMQ_BASE: ..\..
INFO   | jvm 1    | 2022/06/26 00:08:30 | ACTIVEMQ_CONF: ..\..\conf
INFO   | jvm 1    | 2022/06/26 00:08:30 | ACTIVEMQ_DATA: ..\..\data
INFO   | jvm 1    | 2022/06/26 00:08:33 | Loading message broker from: xbean:activemq.xml
INFO   | jvm 1    | 2022/06/26 00:08:33 |  INFO | Using Persistence Adapter: KahaDBPersistenceAdapter[C:\dev\4-DISYS\DISYS-ChargingStation\ActiveMQ\apache-activemq-5.17.1\bin\win64\..\..\data\kahadb]
INFO   | jvm 1    | 2022/06/26 00:08:33 |  INFO | Page File: ..\..\data\kahadb\db.data. Recovering pageFile free list due to prior unclean shutdown..
INFO   | jvm 1    | 2022/06/26 00:08:33 |  INFO | KahaDB is version 7
INFO   | jvm 1    | 2022/06/26 00:08:33 |  INFO | Page File: ..\..\data\kahadb\db.data. Recovered pageFile free list of size: 6
INFO   | jvm 1    | 2022/06/26 00:08:33 |  INFO | Recovering from the journal @1:3697
INFO   | jvm 1    | 2022/06/26 00:08:33 |  INFO | Recovery replayed 4 operations from the journal in 0.017 seconds.
INFO   | jvm 1    | 2022/06/26 00:08:33 |  INFO | PListStore:[C:\dev\4-DISYS\DISYS-ChargingStation\ActiveMQ\apache-activemq-5.17.1\bin\win64\..\..\data\localhost\tmp_storage] started
INFO   | jvm 1    | 2022/06/26 00:08:34 |  INFO | Apache ActiveMQ 5.17.1 (localhost, ID:DESKTOP-P98JIU4-52635-1656194913896-0:1) is starting
INFO   | jvm 1    | 2022/06/26 00:08:34 |  INFO | Listening for connections at: tcp://DESKTOP-P98JIU4:61616?maximumConnections=1000&wireFormat.maxFrameSize=104857600
INFO   | jvm 1    | 2022/06/26 00:08:34 |  INFO | Connector openwire started
INFO   | jvm 1    | 2022/06/26 00:08:34 |  INFO | Listening for connections at: amqp://DESKTOP-P98JIU4:5672?maximumConnections=1000&wireFormat.maxFrameSize=104857600
INFO   | jvm 1    | 2022/06/26 00:08:34 |  INFO | Connector amqp started
INFO   | jvm 1    | 2022/06/26 00:08:34 |  INFO | Listening for connections at: stomp://DESKTOP-P98JIU4:61613?maximumConnections=1000&wireFormat.maxFrameSize=104857600
INFO   | jvm 1    | 2022/06/26 00:08:34 |  INFO | Connector stomp started
INFO   | jvm 1    | 2022/06/26 00:08:34 |  INFO | Listening for connections at: mqtt://DESKTOP-P98JIU4:1883?maximumConnections=1000&wireFormat.maxFrameSize=104857600
INFO   | jvm 1    | 2022/06/26 00:08:34 |  INFO | Connector mqtt started
INFO   | jvm 1    | 2022/06/26 00:08:34 |  INFO | Starting Jetty server
INFO   | jvm 1    | 2022/06/26 00:08:34 |  INFO | Creating Jetty connector
INFO   | jvm 1    | 2022/06/26 00:08:34 |  WARN | ServletContext@o.e.j.s.ServletContextHandler@20835c06{/,null,STARTING} has uncovered http methods for path: /
INFO   | jvm 1    | 2022/06/26 00:08:34 |  INFO | Listening for connections at ws://DESKTOP-P98JIU4:61614?maximumConnections=1000&wireFormat.maxFrameSize=104857600
INFO   | jvm 1    | 2022/06/26 00:08:34 |  INFO | Connector ws started
INFO   | jvm 1    | 2022/06/26 00:08:34 |  INFO | Apache ActiveMQ 5.17.1 (localhost, ID:DESKTOP-P98JIU4-52635-1656194913896-0:1) started
INFO   | jvm 1    | 2022/06/26 00:08:34 |  INFO | For help or more information please see: http://activemq.apache.org
INFO   | jvm 1    | 2022/06/26 00:08:34 |  WARN | Store limit is 102400 mb (current store usage is 0 mb). The data directory: C:\dev\4-DISYS\DISYS-ChargingStation\ActiveMQ\apache-activemq-5.17.1\bin\win64\..\..\data\kahadb only has 51924 mb of usable space. - resetting to maximum available disk space: 51924 mb
INFO   | jvm 1    | 2022/06/26 00:08:34 |  INFO | ActiveMQ WebConsole available at http://127.0.0.1:8161/
INFO   | jvm 1    | 2022/06/26 00:08:34 |  INFO | ActiveMQ Jolokia REST API available at http://127.0.0.1:8161/api/jolokia/
STATUS | wrapper  | 2022/06/26 09:52:43 | --> Wrapper Started as Console
STATUS | wrapper  | 2022/06/26 09:52:43 | Launching a JVM...
FATAL  | wrapper  | 2022/06/26 09:52:43 | Unable to execute Java command.  Das System kann die angegebene Datei nicht finden. (0x2)
FATAL  | wrapper  | 2022/06/26 09:52:43 |     "C:\JDK\jdk-17.0.2\bin\java" -Dactivemq.home="../.." -Dactivemq.base="../.." -Djavax.net.ssl.keyStorePassword=password -Djavax.net.ssl.trustStorePassword=password -Djavax.net.ssl.keyStore="../../conf/broker.ks" -Djavax.net.ssl.trustStore="../../conf/broker.ts" -Dcom.sun.management.jmxremote -Dorg.apache.activemq.UseDedicatedTaskRunner=false -Djava.util.logging.config.file=logging.properties -Dactivemq.conf="../../conf" -Dactivemq.data="../../data" -Djava.security.auth.login.config="../../conf/login.config" -Xms1024m -Xmx1024m -Djava.library.path="../../bin/win64" -classpath "../../bin/wrapper.jar;../../bin/activemq.jar" -Dwrapper.key="4n9wxONI1tHBZsM6" -Dwrapper.port=32000 -Dwrapper.jvm.port.min=31000 -Dwrapper.jvm.port.max=31999 -Dwrapper.pid=1212 -Dwrapper.version="3.2.3" -Dwrapper.native_library="wrapper" -Dwrapper.cpu.timeout="10" -Dwrapper.jvmid=1 org.tanukisoftware.wrapper.WrapperSimpleApp org.apache.activemq.console.Main start
FATAL  | wrapper  | 2022/06/26 09:52:43 | Critical error: wait for JVM process failed
STATUS | wrapper  | 2022/06/26 09:54:09 | --> Wrapper Started as Console
STATUS | wrapper  | 2022/06/26 09:54:09 | Launching a JVM...
INFO   | jvm 1    | 2022/06/26 09:54:11 | Wrapper (Version 3.2.3) http://wrapper.tanukisoftware.org
INFO   | jvm 1    | 2022/06/26 09:54:11 |   Copyright 1999-2006 Tanuki Software, Inc.  All Rights Reserved.
INFO   | jvm 1    | 2022/06/26 09:54:11 | 
INFO   | jvm 1    | 2022/06/26 09:54:11 | Java Runtime: Oracle Corporation 17.0.2 C:\JDK\jdk-17.0.2
INFO   | jvm 1    | 2022/06/26 09:54:11 |   Heap sizes: current=1048576k  free=1038336k  max=1048576k
INFO   | jvm 1    | 2022/06/26 09:54:11 |     JVM args: -Dactivemq.home=../.. -Dactivemq.base=../.. -Djavax.net.ssl.keyStorePassword=password -Djavax.net.ssl.trustStorePassword=password -Djavax.net.ssl.keyStore=../../conf/broker.ks -Djavax.net.ssl.trustStore=../../conf/broker.ts -Dcom.sun.management.jmxremote -Dorg.apache.activemq.UseDedicatedTaskRunner=false -Djava.util.logging.config.file=logging.properties -Dactivemq.conf=../../conf -Dactivemq.data=../../data -Djava.security.auth.login.config=../../conf/login.config -Xms1024m -Xmx1024m -Djava.library.path=../../bin/win64 -Dwrapper.key=sJYgurc6luCQcYEA -Dwrapper.port=32000 -Dwrapper.jvm.port.min=31000 -Dwrapper.jvm.port.max=31999 -Dwrapper.pid=3028 -Dwrapper.version=3.2.3 -Dwrapper.native_library=wrapper -Dwrapper.cpu.timeout=10 -Dwrapper.jvmid=1
INFO   | jvm 1    | 2022/06/26 09:54:11 | Extensions classpath:
INFO   | jvm 1    | 2022/06/26 09:54:11 |   [..\..\lib,..\..\lib\camel,..\..\lib\optional,..\..\lib\web,..\..\lib\extra]
INFO   | jvm 1    | 2022/06/26 09:54:11 | ACTIVEMQ_HOME: ..\..
INFO   | jvm 1    | 2022/06/26 09:54:11 | ACTIVEMQ_BASE: ..\..
INFO   | jvm 1    | 2022/06/26 09:54:11 | ACTIVEMQ_CONF: ..\..\conf
INFO   | jvm 1    | 2022/06/26 09:54:11 | ACTIVEMQ_DATA: ..\..\data
INFO   | jvm 1    | 2022/06/26 09:54:17 | Loading message broker from: xbean:activemq.xml
INFO   | jvm 1    | 2022/06/26 09:54:19 |  INFO | Using Persistence Adapter: KahaDBPersistenceAdapter[C:\dev\disys\DISYS-ChargingStation\ActiveMQ\apache-activemq-5.17.1\bin\win64\..\..\data\kahadb]
INFO   | jvm 1    | 2022/06/26 09:54:19 |  INFO | Page File: ..\..\data\kahadb\db.data. Recovering pageFile free list due to prior unclean shutdown..
INFO   | jvm 1    | 2022/06/26 09:54:19 |  INFO | KahaDB is version 7
INFO   | jvm 1    | 2022/06/26 09:54:19 |  INFO | Page File: ..\..\data\kahadb\db.data. Recovered pageFile free list of size: 0
INFO   | jvm 1    | 2022/06/26 09:54:19 |  INFO | PListStore:[C:\dev\disys\DISYS-ChargingStation\ActiveMQ\apache-activemq-5.17.1\bin\win64\..\..\data\localhost\tmp_storage] started
INFO   | jvm 1    | 2022/06/26 09:54:19 |  INFO | Apache ActiveMQ 5.17.1 (localhost, ID:DESKTOP-AMB05AH-53124-1656230059644-0:1) is starting
INFO   | jvm 1    | 2022/06/26 09:54:19 | ERROR | Failed to start Apache ActiveMQ (localhost, ID:DESKTOP-AMB05AH-53124-1656230059644-0:1)
INFO   | jvm 1    | 2022/06/26 09:54:19 | java.io.IOException: Transport Connector could not be registered in JMX: java.io.IOException: Failed to bind to server socket: tcp://0.0.0.0:61616?maximumConnections=1000&wireFormat.maxFrameSize=104857600 due to: java.net.BindException: Address already in use: bind
INFO   | jvm 1    | 2022/06/26 09:54:19 | 	at org.apache.activemq.util.IOExceptionSupport.create(IOExceptionSupport.java:30) ~[activemq-client-5.17.1.jar:5.17.1]
INFO   | jvm 1    | 2022/06/26 09:54:19 | 	at org.apache.activemq.broker.BrokerService.registerConnectorMBean(BrokerService.java:2241) ~[activemq-broker-5.17.1.jar:5.17.1]
INFO   | jvm 1    | 2022/06/26 09:54:19 | 	at org.apache.activemq.broker.BrokerService.startTransportConnector(BrokerService.java:2722) ~[activemq-broker-5.17.1.jar:5.17.1]
INFO   | jvm 1    | 2022/06/26 09:54:19 | 	at org.apache.activemq.broker.BrokerService.startAllConnectors(BrokerService.java:2618) ~[activemq-broker-5.17.1.jar:5.17.1]
INFO   | jvm 1    | 2022/06/26 09:54:19 | 	at org.apache.activemq.broker.BrokerService.doStartBroker(BrokerService.java:757) ~[activemq-broker-5.17.1.jar:5.17.1]
INFO   | jvm 1    | 2022/06/26 09:54:19 | 	at org.apache.activemq.broker.BrokerService.startBroker(BrokerService.java:719) ~[activemq-broker-5.17.1.jar:5.17.1]
INFO   | jvm 1    | 2022/06/26 09:54:19 | 	at org.apache.activemq.broker.BrokerService.start(BrokerService.java:622) ~[activemq-broker-5.17.1.jar:5.17.1]
INFO   | jvm 1    | 2022/06/26 09:54:19 | 	at org.apache.activemq.xbean.XBeanBrokerService.afterPropertiesSet(XBeanBrokerService.java:73) ~[activemq-spring-5.17.1.jar:5.17.1]
INFO   | jvm 1    | 2022/06/26 09:54:19 | 	at jdk.internal.reflect.NativeMethodAccessorImpl.invoke0(Native Method) ~[?:?]
INFO   | jvm 1    | 2022/06/26 09:54:19 | 	at jdk.internal.reflect.NativeMethodAccessorImpl.invoke(NativeMethodAccessorImpl.java:77) ~[?:?]
INFO   | jvm 1    | 2022/06/26 09:54:19 | 	at jdk.internal.reflect.DelegatingMethodAccessorImpl.invoke(DelegatingMethodAccessorImpl.java:43) ~[?:?]
INFO   | jvm 1    | 2022/06/26 09:54:19 | 	at java.lang.reflect.Method.invoke(Method.java:568) ~[?:?]
INFO   | jvm 1    | 2022/06/26 09:54:19 | 	at org.springframework.beans.factory.support.AbstractAutowireCapableBeanFactory.invokeCustomInitMethod(AbstractAutowireCapableBeanFactory.java:1930) ~[spring-beans-5.3.19.jar:5.3.19]
INFO   | jvm 1    | 2022/06/26 09:54:19 | 	at org.springframework.beans.factory.support.AbstractAutowireCapableBeanFactory.invokeInitMethods(AbstractAutowireCapableBeanFactory.java:1872) ~[spring-beans-5.3.19.jar:5.3.19]
INFO   | jvm 1    | 2022/06/26 09:54:19 | 	at org.springframework.beans.factory.support.AbstractAutowireCapableBeanFactory.initializeBean(AbstractAutowireCapableBeanFactory.java:1800) ~[spring-beans-5.3.19.jar:5.3.19]
INFO   | jvm 1    | 2022/06/26 09:54:19 | 	at org.springframework.beans.factory.support.AbstractAutowireCapableBeanFactory.doCreateBean(AbstractAutowireCapableBeanFactory.java:620) ~[spring-beans-5.3.19.jar:5.3.19]
INFO   | jvm 1    | 2022/06/26 09:54:19 | 	at org.springframework.beans.factory.support.AbstractAutowireCapableBeanFactory.createBean(AbstractAutowireCapableBeanFactory.java:542) ~[spring-beans-5.3.19.jar:5.3.19]
INFO   | jvm 1    | 2022/06/26 09:54:19 | 	at org.springframework.beans.factory.support.AbstractBeanFactory.lambda$doGetBean$0(AbstractBeanFactory.java:335) ~[spring-beans-5.3.19.jar:5.3.19]
INFO   | jvm 1    | 2022/06/26 09:54:19 | 	at org.springframework.beans.factory.support.DefaultSingletonBeanRegistry.getSingleton(DefaultSingletonBeanRegistry.java:234) ~[spring-beans-5.3.19.jar:5.3.19]
INFO   | jvm 1    | 2022/06/26 09:54:19 | 	at org.springframework.beans.factory.support.AbstractBeanFactory.doGetBean(AbstractBeanFactory.java:333) ~[spring-beans-5.3.19.jar:5.3.19]
INFO   | jvm 1    | 2022/06/26 09:54:19 | 	at org.springframework.beans.factory.support.AbstractBeanFactory.getBean(AbstractBeanFactory.java:208) ~[spring-beans-5.3.19.jar:5.3.19]
INFO   | jvm 1    | 2022/06/26 09:54:19 | 	at org.springframework.beans.factory.support.DefaultListableBeanFactory.preInstantiateSingletons(DefaultListableBeanFactory.java:953) ~[spring-beans-5.3.19.jar:5.3.19]
INFO   | jvm 1    | 2022/06/26 09:54:19 | 	at org.springframework.context.support.AbstractApplicationContext.finishBeanFactoryInitialization(AbstractApplicationContext.java:918) ~[spring-context-5.3.19.jar:5.3.19]
INFO   | jvm 1    | 2022/06/26 09:54:19 | 	at org.springframework.context.support.AbstractApplicationContext.refresh(AbstractApplicationContext.java:583) ~[spring-context-5.3.19.jar:5.3.19]
INFO   | jvm 1    | 2022/06/26 09:54:19 | 	at org.apache.xbean.spring.context.ResourceXmlApplicationContext.<init>(ResourceXmlApplicationContext.java:64) ~[xbean-spring-4.21.jar:4.21]
INFO   | jvm 1    | 2022/06/26 09:54:19 | 	at org.apache.xbean.spring.context.ResourceXmlApplicationContext.<init>(ResourceXmlApplicationContext.java:52) ~[xbean-spring-4.21.jar:4.21]
INFO   | jvm 1    | 2022/06/26 09:54:19 | 	at org.apache.activemq.xbean.XBeanBrokerFactory$1.<init>(XBeanBrokerFactory.java:104) ~[activemq-spring-5.17.1.jar:5.17.1]
INFO   | jvm 1    | 2022/06/26 09:54:19 | 	at org.apache.activemq.xbean.XBeanBrokerFactory.createApplicationContext(XBeanBrokerFactory.java:104) ~[activemq-spring-5.17.1.jar:5.17.1]
INFO   | jvm 1    | 2022/06/26 09:54:19 | 	at org.apache.activemq.xbean.XBeanBrokerFactory.createBroker(XBeanBrokerFactory.java:67) ~[activemq-spring-5.17.1.jar:5.17.1]
INFO   | jvm 1    | 2022/06/26 09:54:19 | 	at org.apache.activemq.broker.BrokerFactory.createBroker(BrokerFactory.java:71) ~[activemq-broker-5.17.1.jar:5.17.1]
INFO   | jvm 1    | 2022/06/26 09:54:19 | 	at org.apache.activemq.broker.BrokerFactory.createBroker(BrokerFactory.java:54) ~[activemq-broker-5.17.1.jar:5.17.1]
INFO   | jvm 1    | 2022/06/26 09:54:19 | 	at org.apache.activemq.console.command.StartCommand.runTask(StartCommand.java:87) ~[activemq-console-5.17.1.jar:5.17.1]
INFO   | jvm 1    | 2022/06/26 09:54:19 | 	at org.apache.activemq.console.command.AbstractCommand.execute(AbstractCommand.java:63) ~[activemq-console-5.17.1.jar:5.17.1]
INFO   | jvm 1    | 2022/06/26 09:54:19 | 	at org.apache.activemq.console.command.ShellCommand.runTask(ShellCommand.java:154) ~[activemq-console-5.17.1.jar:5.17.1]
INFO   | jvm 1    | 2022/06/26 09:54:19 | 	at org.apache.activemq.console.command.AbstractCommand.execute(AbstractCommand.java:63) ~[activemq-console-5.17.1.jar:5.17.1]
INFO   | jvm 1    | 2022/06/26 09:54:19 | 	at org.apache.activemq.console.command.ShellCommand.main(ShellCommand.java:104) ~[activemq-console-5.17.1.jar:5.17.1]
INFO   | jvm 1    | 2022/06/26 09:54:19 | 	at jdk.internal.reflect.NativeMethodAccessorImpl.invoke0(Native Method) ~[?:?]
INFO   | jvm 1    | 2022/06/26 09:54:19 | 	at jdk.internal.reflect.NativeMethodAccessorImpl.invoke(NativeMethodAccessorImpl.java:77) ~[?:?]
INFO   | jvm 1    | 2022/06/26 09:54:19 | 	at jdk.internal.reflect.DelegatingMethodAccessorImpl.invoke(DelegatingMethodAccessorImpl.java:43) ~[?:?]
INFO   | jvm 1    | 2022/06/26 09:54:19 | 	at java.lang.reflect.Method.invoke(Method.java:568) ~[?:?]
INFO   | jvm 1    | 2022/06/26 09:54:19 | 	at org.apache.activemq.console.Main.runTaskClass(Main.java:262) ~[activemq.jar:5.17.1]
INFO   | jvm 1    | 2022/06/26 09:54:19 | 	at org.apache.activemq.console.Main.main(Main.java:115) ~[activemq.jar:5.17.1]
INFO   | jvm 1    | 2022/06/26 09:54:19 | 	at jdk.internal.reflect.NativeMethodAccessorImpl.invoke0(Native Method) ~[?:?]
INFO   | jvm 1    | 2022/06/26 09:54:19 | 	at jdk.internal.reflect.NativeMethodAccessorImpl.invoke(NativeMethodAccessorImpl.java:77) ~[?:?]
INFO   | jvm 1    | 2022/06/26 09:54:19 | 	at jdk.internal.reflect.DelegatingMethodAccessorImpl.invoke(DelegatingMethodAccessorImpl.java:43) ~[?:?]
INFO   | jvm 1    | 2022/06/26 09:54:19 | 	at java.lang.reflect.Method.invoke(Method.java:568) ~[?:?]
INFO   | jvm 1    | 2022/06/26 09:54:19 | 	at org.tanukisoftware.wrapper.WrapperSimpleApp.run(WrapperSimpleApp.java:240) ~[wrapper.jar:3.2.3]
INFO   | jvm 1    | 2022/06/26 09:54:19 | 	at java.lang.Thread.run(Thread.java:833) ~[?:?]
INFO   | jvm 1    | 2022/06/26 09:54:19 | Caused by: java.io.IOException: Failed to bind to server socket: tcp://0.0.0.0:61616?maximumConnections=1000&wireFormat.maxFrameSize=104857600 due to: java.net.BindException: Address already in use: bind
INFO   | jvm 1    | 2022/06/26 09:54:19 | 	at org.apache.activemq.util.IOExceptionSupport.create(IOExceptionSupport.java:36) ~[activemq-client-5.17.1.jar:5.17.1]
INFO   | jvm 1    | 2022/06/26 09:54:19 | 	at org.apache.activemq.transport.tcp.TcpTransportServer.bind(TcpTransportServer.java:146) ~[activemq-client-5.17.1.jar:5.17.1]
INFO   | jvm 1    | 2022/06/26 09:54:19 | 	at org.apache.activemq.transport.tcp.TcpTransportFactory.doBind(TcpTransportFactory.java:62) ~[activemq-client-5.17.1.jar:5.17.1]
INFO   | jvm 1    | 2022/06/26 09:54:19 | 	at org.apache.activemq.transport.TransportFactorySupport.bind(TransportFactorySupport.java:40) ~[activemq-broker-5.17.1.jar:5.17.1]
INFO   | jvm 1    | 2022/06/26 09:54:19 | 	at org.apache.activemq.broker.TransportConnector.createTransportServer(TransportConnector.java:336) ~[activemq-broker-5.17.1.jar:5.17.1]
INFO   | jvm 1    | 2022/06/26 09:54:19 | 	at org.apache.activemq.broker.TransportConnector.getServer(TransportConnector.java:146) ~[activemq-broker-5.17.1.jar:5.17.1]
INFO   | jvm 1    | 2022/06/26 09:54:19 | 	at org.apache.activemq.broker.TransportConnector.asManagedConnector(TransportConnector.java:111) ~[activemq-broker-5.17.1.jar:5.17.1]
INFO   | jvm 1    | 2022/06/26 09:54:19 | 	at org.apache.activemq.broker.BrokerService.registerConnectorMBean(BrokerService.java:2236) ~[activemq-broker-5.17.1.jar:5.17.1]
INFO   | jvm 1    | 2022/06/26 09:54:19 | 	... 46 more
INFO   | jvm 1    | 2022/06/26 09:54:19 | Caused by: java.net.BindException: Address already in use: bind
INFO   | jvm 1    | 2022/06/26 09:54:19 | 	at sun.nio.ch.Net.bind0(Native Method) ~[?:?]
INFO   | jvm 1    | 2022/06/26 09:54:19 | 	at sun.nio.ch.Net.bind(Net.java:555) ~[?:?]
INFO   | jvm 1    | 2022/06/26 09:54:19 | 	at sun.nio.ch.Net.bind(Net.java:544) ~[?:?]
INFO   | jvm 1    | 2022/06/26 09:54:19 | 	at sun.nio.ch.NioSocketImpl.bind(NioSocketImpl.java:643) ~[?:?]
INFO   | jvm 1    | 2022/06/26 09:54:19 | 	at java.net.ServerSocket.bind(ServerSocket.java:388) ~[?:?]
INFO   | jvm 1    | 2022/06/26 09:54:19 | 	at java.net.ServerSocket.<init>(ServerSocket.java:274) ~[?:?]
INFO   | jvm 1    | 2022/06/26 09:54:19 | 	at javax.net.DefaultServerSocketFactory.createServerSocket(ServerSocketFactory.java:231) ~[?:?]
INFO   | jvm 1    | 2022/06/26 09:54:19 | 	at org.apache.activemq.transport.tcp.TcpTransportServer.bind(TcpTransportServer.java:143) ~[activemq-client-5.17.1.jar:5.17.1]
INFO   | jvm 1    | 2022/06/26 09:54:19 | 	at org.apache.activemq.transport.tcp.TcpTransportFactory.doBind(TcpTransportFactory.java:62) ~[activemq-client-5.17.1.jar:5.17.1]
INFO   | jvm 1    | 2022/06/26 09:54:19 | 	at org.apache.activemq.transport.TransportFactorySupport.bind(TransportFactorySupport.java:40) ~[activemq-broker-5.17.1.jar:5.17.1]
INFO   | jvm 1    | 2022/06/26 09:54:19 | 	at org.apache.activemq.broker.TransportConnector.createTransportServer(TransportConnector.java:336) ~[activemq-broker-5.17.1.jar:5.17.1]
INFO   | jvm 1    | 2022/06/26 09:54:19 | 	at org.apache.activemq.broker.TransportConnector.getServer(TransportConnector.java:146) ~[activemq-broker-5.17.1.jar:5.17.1]
INFO   | jvm 1    | 2022/06/26 09:54:19 | 	at org.apache.activemq.broker.TransportConnector.asManagedConnector(TransportConnector.java:111) ~[activemq-broker-5.17.1.jar:5.17.1]
INFO   | jvm 1    | 2022/06/26 09:54:19 | 	at org.apache.activemq.broker.BrokerService.registerConnectorMBean(BrokerService.java:2236) ~[activemq-broker-5.17.1.jar:5.17.1]
INFO   | jvm 1    | 2022/06/26 09:54:19 | 	... 46 more
INFO   | jvm 1    | 2022/06/26 09:54:19 |  INFO | Apache ActiveMQ 5.17.1 (localhost, ID:DESKTOP-AMB05AH-53124-1656230059644-0:1) is shutting down
INFO   | jvm 1    | 2022/06/26 09:54:19 |  INFO | Connector openwire stopped
INFO   | jvm 1    | 2022/06/26 09:54:19 |  INFO | Connector amqp stopped
INFO   | jvm 1    | 2022/06/26 09:54:19 |  INFO | Connector stomp stopped
INFO   | jvm 1    | 2022/06/26 09:54:19 |  INFO | Connector mqtt stopped
INFO   | jvm 1    | 2022/06/26 09:54:19 |  INFO | Connector ws stopped
INFO   | jvm 1    | 2022/06/26 09:54:19 |  INFO | PListStore:[C:\dev\disys\DISYS-ChargingStation\ActiveMQ\apache-activemq-5.17.1\bin\win64\..\..\data\localhost\tmp_storage] stopped
INFO   | jvm 1    | 2022/06/26 09:54:19 |  INFO | Stopping async queue tasks
INFO   | jvm 1    | 2022/06/26 09:54:19 |  INFO | Stopping async topic tasks
INFO   | jvm 1    | 2022/06/26 09:54:20 |  INFO | Stopped KahaDB
INFO   | jvm 1    | 2022/06/26 09:54:20 |  INFO | Apache ActiveMQ 5.17.1 (localhost, ID:DESKTOP-AMB05AH-53124-1656230059644-0:1) uptime 0.861 seconds
INFO   | jvm 1    | 2022/06/26 09:54:20 |  INFO | Apache ActiveMQ 5.17.1 (localhost, ID:DESKTOP-AMB05AH-53124-1656230059644-0:1) is shutdown
INFO   | jvm 1    | 2022/06/26 09:54:20 |  WARN | Exception encountered during context initialization - cancelling refresh attempt: org.springframework.beans.factory.BeanCreationException: Error creating bean with name 'org.apache.activemq.xbean.XBeanBrokerService#0' defined in class path resource [activemq.xml]: Invocation of init method failed; nested exception is java.io.IOException: Transport Connector could not be registered in JMX: java.io.IOException: Failed to bind to server socket: tcp://0.0.0.0:61616?maximumConnections=1000&wireFormat.maxFrameSize=104857600 due to: java.net.BindException: Address already in use: bind
INFO   | jvm 1    | 2022/06/26 09:54:20 | ERROR: java.lang.RuntimeException: Failed to execute start task. Reason: java.lang.IllegalStateException: BeanFactory not initialized or already closed - call 'refresh' before accessing beans via the ApplicationContext
INFO   | jvm 1    | 2022/06/26 09:54:20 | java.lang.RuntimeException: Failed to execute start task. Reason: java.lang.IllegalStateException: BeanFactory not initialized or already closed - call 'refresh' before accessing beans via the ApplicationContext
INFO   | jvm 1    | 2022/06/26 09:54:20 | 	at org.apache.activemq.console.command.StartCommand.runTask(StartCommand.java:91)
INFO   | jvm 1    | 2022/06/26 09:54:20 | 	at org.apache.activemq.console.command.AbstractCommand.execute(AbstractCommand.java:63)
INFO   | jvm 1    | 2022/06/26 09:54:20 | 	at org.apache.activemq.console.command.ShellCommand.runTask(ShellCommand.java:154)
INFO   | jvm 1    | 2022/06/26 09:54:20 | 	at org.apache.activemq.console.command.AbstractCommand.execute(AbstractCommand.java:63)
INFO   | jvm 1    | 2022/06/26 09:54:20 | 	at org.apache.activemq.console.command.ShellCommand.main(ShellCommand.java:104)
INFO   | jvm 1    | 2022/06/26 09:54:20 | 	at java.base/jdk.internal.reflect.NativeMethodAccessorImpl.invoke0(Native Method)
INFO   | jvm 1    | 2022/06/26 09:54:20 | 	at java.base/jdk.internal.reflect.NativeMethodAccessorImpl.invoke(NativeMethodAccessorImpl.java:77)
INFO   | jvm 1    | 2022/06/26 09:54:20 | 	at java.base/jdk.internal.reflect.DelegatingMethodAccessorImpl.invoke(DelegatingMethodAccessorImpl.java:43)
INFO   | jvm 1    | 2022/06/26 09:54:20 | 	at java.base/java.lang.reflect.Method.invoke(Method.java:568)
INFO   | jvm 1    | 2022/06/26 09:54:20 | 	at org.apache.activemq.console.Main.runTaskClass(Main.java:262)
INFO   | jvm 1    | 2022/06/26 09:54:20 | 	at org.apache.activemq.console.Main.main(Main.java:115)
INFO   | jvm 1    | 2022/06/26 09:54:20 | 	at java.base/jdk.internal.reflect.NativeMethodAccessorImpl.invoke0(Native Method)
INFO   | jvm 1    | 2022/06/26 09:54:20 | 	at java.base/jdk.internal.reflect.NativeMethodAccessorImpl.invoke(NativeMethodAccessorImpl.java:77)
INFO   | jvm 1    | 2022/06/26 09:54:20 | 	at java.base/jdk.internal.reflect.DelegatingMethodAccessorImpl.invoke(DelegatingMethodAccessorImpl.java:43)
INFO   | jvm 1    | 2022/06/26 09:54:20 | 	at java.base/java.lang.reflect.Method.invoke(Method.java:568)
INFO   | jvm 1    | 2022/06/26 09:54:20 | 	at org.tanukisoftware.wrapper.WrapperSimpleApp.run(WrapperSimpleApp.java:240)
INFO   | jvm 1    | 2022/06/26 09:54:20 | 	at java.base/java.lang.Thread.run(Thread.java:833)
INFO   | jvm 1    | 2022/06/26 09:54:20 | Caused by: java.lang.IllegalStateException: BeanFactory not initialized or already closed - call 'refresh' before accessing beans via the ApplicationContext
INFO   | jvm 1    | 2022/06/26 09:54:20 | 	at org.springframework.context.support.AbstractRefreshableApplicationContext.getBeanFactory(AbstractRefreshableApplicationContext.java:168)
INFO   | jvm 1    | 2022/06/26 09:54:20 | 	at org.springframework.context.support.AbstractApplicationContext.destroyBeans(AbstractApplicationContext.java:1106)
INFO   | jvm 1    | 2022/06/26 09:54:20 | 	at org.springframework.context.support.AbstractApplicationContext.refresh(AbstractApplicationContext.java:596)
INFO   | jvm 1    | 2022/06/26 09:54:20 | 	at org.apache.xbean.spring.context.ResourceXmlApplicationContext.<init>(ResourceXmlApplicationContext.java:64)
INFO   | jvm 1    | 2022/06/26 09:54:20 | 	at org.apache.xbean.spring.context.ResourceXmlApplicationContext.<init>(ResourceXmlApplicationContext.java:52)
INFO   | jvm 1    | 2022/06/26 09:54:20 | 	at org.apache.activemq.xbean.XBeanBrokerFactory$1.<init>(XBeanBrokerFactory.java:104)
INFO   | jvm 1    | 2022/06/26 09:54:20 | 	at org.apache.activemq.xbean.XBeanBrokerFactory.createApplicationContext(XBeanBrokerFactory.java:104)
INFO   | jvm 1    | 2022/06/26 09:54:20 | 	at org.apache.activemq.xbean.XBeanBrokerFactory.createBroker(XBeanBrokerFactory.java:67)
INFO   | jvm 1    | 2022/06/26 09:54:20 | 	at org.apache.activemq.broker.BrokerFactory.createBroker(BrokerFactory.java:71)
INFO   | jvm 1    | 2022/06/26 09:54:20 | 	at org.apache.activemq.broker.BrokerFactory.createBroker(BrokerFactory.java:54)
INFO   | jvm 1    | 2022/06/26 09:54:20 | 	at org.apache.activemq.console.command.StartCommand.runTask(StartCommand.java:87)
INFO   | jvm 1    | 2022/06/26 09:54:20 | 	... 16 more
INFO   | jvm 1    | 2022/06/26 09:54:20 | ERROR: java.lang.IllegalStateException: BeanFactory not initialized or already closed - call 'refresh' before accessing beans via the ApplicationContext
INFO   | jvm 1    | 2022/06/26 09:54:20 | java.lang.IllegalStateException: BeanFactory not initialized or already closed - call 'refresh' before accessing beans via the ApplicationContext
INFO   | jvm 1    | 2022/06/26 09:54:20 | 	at org.springframework.context.support.AbstractRefreshableApplicationContext.getBeanFactory(AbstractRefreshableApplicationContext.java:168)
INFO   | jvm 1    | 2022/06/26 09:54:20 | 	at org.springframework.context.support.AbstractApplicationContext.destroyBeans(AbstractApplicationContext.java:1106)
INFO   | jvm 1    | 2022/06/26 09:54:20 | 	at org.springframework.context.support.AbstractApplicationContext.refresh(AbstractApplicationContext.java:596)
INFO   | jvm 1    | 2022/06/26 09:54:20 | 	at org.apache.xbean.spring.context.ResourceXmlApplicationContext.<init>(ResourceXmlApplicationContext.java:64)
INFO   | jvm 1    | 2022/06/26 09:54:20 | 	at org.apache.xbean.spring.context.ResourceXmlApplicationContext.<init>(ResourceXmlApplicationContext.java:52)
INFO   | jvm 1    | 2022/06/26 09:54:20 | 	at org.apache.activemq.xbean.XBeanBrokerFactory$1.<init>(XBeanBrokerFactory.java:104)
INFO   | jvm 1    | 2022/06/26 09:54:20 | 	at org.apache.activemq.xbean.XBeanBrokerFactory.createApplicationContext(XBeanBrokerFactory.java:104)
INFO   | jvm 1    | 2022/06/26 09:54:20 | 	at org.apache.activemq.xbean.XBeanBrokerFactory.createBroker(XBeanBrokerFactory.java:67)
INFO   | jvm 1    | 2022/06/26 09:54:20 | 	at org.apache.activemq.broker.BrokerFactory.createBroker(BrokerFactory.java:71)
INFO   | jvm 1    | 2022/06/26 09:54:20 | 	at org.apache.activemq.broker.BrokerFactory.createBroker(BrokerFactory.java:54)
INFO   | jvm 1    | 2022/06/26 09:54:20 | 	at org.apache.activemq.console.command.StartCommand.runTask(StartCommand.java:87)
INFO   | jvm 1    | 2022/06/26 09:54:20 | 	at org.apache.activemq.console.command.AbstractCommand.execute(AbstractCommand.java:63)
INFO   | jvm 1    | 2022/06/26 09:54:20 | 	at org.apache.activemq.console.command.ShellCommand.runTask(ShellCommand.java:154)
INFO   | jvm 1    | 2022/06/26 09:54:20 | 	at org.apache.activemq.console.command.AbstractCommand.execute(AbstractCommand.java:63)
INFO   | jvm 1    | 2022/06/26 09:54:20 | 	at org.apache.activemq.console.command.ShellCommand.main(ShellCommand.java:104)
INFO   | jvm 1    | 2022/06/26 09:54:20 | 	at java.base/jdk.internal.reflect.NativeMethodAccessorImpl.invoke0(Native Method)
INFO   | jvm 1    | 2022/06/26 09:54:20 | 	at java.base/jdk.internal.reflect.NativeMethodAccessorImpl.invoke(NativeMethodAccessorImpl.java:77)
INFO   | jvm 1    | 2022/06/26 09:54:20 | 	at java.base/jdk.internal.reflect.DelegatingMethodAccessorImpl.invoke(DelegatingMethodAccessorImpl.java:43)
INFO   | jvm 1    | 2022/06/26 09:54:20 | 	at java.base/java.lang.reflect.Method.invoke(Method.java:568)
INFO   | jvm 1    | 2022/06/26 09:54:20 | 	at org.apache.activemq.console.Main.runTaskClass(Main.java:262)
INFO   | jvm 1    | 2022/06/26 09:54:20 | 	at org.apache.activemq.console.Main.main(Main.java:115)
INFO   | jvm 1    | 2022/06/26 09:54:20 | 	at java.base/jdk.internal.reflect.NativeMethodAccessorImpl.invoke0(Native Method)
INFO   | jvm 1    | 2022/06/26 09:54:20 | 	at java.base/jdk.internal.reflect.NativeMethodAccessorImpl.invoke(NativeMethodAccessorImpl.java:77)
INFO   | jvm 1    | 2022/06/26 09:54:20 | 	at java.base/jdk.internal.reflect.DelegatingMethodAccessorImpl.invoke(DelegatingMethodAccessorImpl.java:43)
INFO   | jvm 1    | 2022/06/26 09:54:20 | 	at java.base/java.lang.reflect.Method.invoke(Method.java:568)
INFO   | jvm 1    | 2022/06/26 09:54:20 | 	at org.tanukisoftware.wrapper.WrapperSimpleApp.run(WrapperSimpleApp.java:240)
INFO   | jvm 1    | 2022/06/26 09:54:20 | 	at java.base/java.lang.Thread.run(Thread.java:833)
STATUS | wrapper  | 2022/06/26 09:54:22 | <-- Wrapper Stopped
STATUS | wrapper  | 2022/06/26 10:00:13 | --> Wrapper Started as Console
STATUS | wrapper  | 2022/06/26 10:00:13 | Launching a JVM...
INFO   | jvm 1    | 2022/06/26 10:00:14 | Wrapper (Version 3.2.3) http://wrapper.tanukisoftware.org
INFO   | jvm 1    | 2022/06/26 10:00:14 |   Copyright 1999-2006 Tanuki Software, Inc.  All Rights Reserved.
INFO   | jvm 1    | 2022/06/26 10:00:14 | 
INFO   | jvm 1    | 2022/06/26 10:00:14 | Java Runtime: Oracle Corporation 17.0.2 C:\JDK\jdk-17.0.2
INFO   | jvm 1    | 2022/06/26 10:00:14 |   Heap sizes: current=1048576k  free=1038336k  max=1048576k
INFO   | jvm 1    | 2022/06/26 10:00:14 |     JVM args: -Dactivemq.home=../.. -Dactivemq.base=../.. -Djavax.net.ssl.keyStorePassword=password -Djavax.net.ssl.trustStorePassword=password -Djavax.net.ssl.keyStore=../../conf/broker.ks -Djavax.net.ssl.trustStore=../../conf/broker.ts -Dcom.sun.management.jmxremote -Dorg.apache.activemq.UseDedicatedTaskRunner=false -Djava.util.logging.config.file=logging.properties -Dactivemq.conf=../../conf -Dactivemq.data=../../data -Djava.security.auth.login.config=../../conf/login.config -Xms1024m -Xmx1024m -Djava.library.path=../../bin/win64 -Dwrapper.key=mpiAip_1zkjRdp_n -Dwrapper.port=32000 -Dwrapper.jvm.port.min=31000 -Dwrapper.jvm.port.max=31999 -Dwrapper.pid=9064 -Dwrapper.version=3.2.3 -Dwrapper.native_library=wrapper -Dwrapper.cpu.timeout=10 -Dwrapper.jvmid=1
INFO   | jvm 1    | 2022/06/26 10:00:14 | Extensions classpath:
INFO   | jvm 1    | 2022/06/26 10:00:14 |   [..\..\lib,..\..\lib\camel,..\..\lib\optional,..\..\lib\web,..\..\lib\extra]
INFO   | jvm 1    | 2022/06/26 10:00:14 | ACTIVEMQ_HOME: ..\..
INFO   | jvm 1    | 2022/06/26 10:00:14 | ACTIVEMQ_BASE: ..\..
INFO   | jvm 1    | 2022/06/26 10:00:14 | ACTIVEMQ_CONF: ..\..\conf
INFO   | jvm 1    | 2022/06/26 10:00:14 | ACTIVEMQ_DATA: ..\..\data
INFO   | jvm 1    | 2022/06/26 10:00:15 | Loading message broker from: xbean:activemq.xml
INFO   | jvm 1    | 2022/06/26 10:00:16 |  INFO | Using Persistence Adapter: KahaDBPersistenceAdapter[C:\dev\disys\DISYS-ChargingStation\ActiveMQ\apache-activemq-5.17.1\bin\win64\..\..\data\kahadb]
INFO   | jvm 1    | 2022/06/26 10:00:16 |  INFO | KahaDB is version 7
INFO   | jvm 1    | 2022/06/26 10:00:17 |  INFO | PListStore:[C:\dev\disys\DISYS-ChargingStation\ActiveMQ\apache-activemq-5.17.1\bin\win64\..\..\data\localhost\tmp_storage] started
INFO   | jvm 1    | 2022/06/26 10:00:17 |  INFO | Apache ActiveMQ 5.17.1 (localhost, ID:DESKTOP-AMB05AH-53212-1656230417215-0:1) is starting
INFO   | jvm 1    | 2022/06/26 10:00:17 | ERROR | Failed to start Apache ActiveMQ (localhost, ID:DESKTOP-AMB05AH-53212-1656230417215-0:1)
INFO   | jvm 1    | 2022/06/26 10:00:17 | java.io.IOException: Transport Connector could not be registered in JMX: java.io.IOException: Failed to bind to server socket: tcp://0.0.0.0:61616?maximumConnections=1000&wireFormat.maxFrameSize=104857600 due to: java.net.BindException: Address already in use: bind
INFO   | jvm 1    | 2022/06/26 10:00:17 | 	at org.apache.activemq.util.IOExceptionSupport.create(IOExceptionSupport.java:30) ~[activemq-client-5.17.1.jar:5.17.1]
INFO   | jvm 1    | 2022/06/26 10:00:17 | 	at org.apache.activemq.broker.BrokerService.registerConnectorMBean(BrokerService.java:2241) ~[activemq-broker-5.17.1.jar:5.17.1]
INFO   | jvm 1    | 2022/06/26 10:00:17 | 	at org.apache.activemq.broker.BrokerService.startTransportConnector(BrokerService.java:2722) ~[activemq-broker-5.17.1.jar:5.17.1]
INFO   | jvm 1    | 2022/06/26 10:00:17 | 	at org.apache.activemq.broker.BrokerService.startAllConnectors(BrokerService.java:2618) ~[activemq-broker-5.17.1.jar:5.17.1]
INFO   | jvm 1    | 2022/06/26 10:00:17 | 	at org.apache.activemq.broker.BrokerService.doStartBroker(BrokerService.java:757) ~[activemq-broker-5.17.1.jar:5.17.1]
INFO   | jvm 1    | 2022/06/26 10:00:17 | 	at org.apache.activemq.broker.BrokerService.startBroker(BrokerService.java:719) ~[activemq-broker-5.17.1.jar:5.17.1]
INFO   | jvm 1    | 2022/06/26 10:00:17 | 	at org.apache.activemq.broker.BrokerService.start(BrokerService.java:622) ~[activemq-broker-5.17.1.jar:5.17.1]
INFO   | jvm 1    | 2022/06/26 10:00:17 | 	at org.apache.activemq.xbean.XBeanBrokerService.afterPropertiesSet(XBeanBrokerService.java:73) ~[activemq-spring-5.17.1.jar:5.17.1]
INFO   | jvm 1    | 2022/06/26 10:00:17 | 	at jdk.internal.reflect.NativeMethodAccessorImpl.invoke0(Native Method) ~[?:?]
INFO   | jvm 1    | 2022/06/26 10:00:17 | 	at jdk.internal.reflect.NativeMethodAccessorImpl.invoke(NativeMethodAccessorImpl.java:77) ~[?:?]
INFO   | jvm 1    | 2022/06/26 10:00:17 | 	at jdk.internal.reflect.DelegatingMethodAccessorImpl.invoke(DelegatingMethodAccessorImpl.java:43) ~[?:?]
INFO   | jvm 1    | 2022/06/26 10:00:17 | 	at java.lang.reflect.Method.invoke(Method.java:568) ~[?:?]
INFO   | jvm 1    | 2022/06/26 10:00:17 | 	at org.springframework.beans.factory.support.AbstractAutowireCapableBeanFactory.invokeCustomInitMethod(AbstractAutowireCapableBeanFactory.java:1930) ~[spring-beans-5.3.19.jar:5.3.19]
INFO   | jvm 1    | 2022/06/26 10:00:17 | 	at org.springframework.beans.factory.support.AbstractAutowireCapableBeanFactory.invokeInitMethods(AbstractAutowireCapableBeanFactory.java:1872) ~[spring-beans-5.3.19.jar:5.3.19]
INFO   | jvm 1    | 2022/06/26 10:00:17 | 	at org.springframework.beans.factory.support.AbstractAutowireCapableBeanFactory.initializeBean(AbstractAutowireCapableBeanFactory.java:1800) ~[spring-beans-5.3.19.jar:5.3.19]
INFO   | jvm 1    | 2022/06/26 10:00:17 | 	at org.springframework.beans.factory.support.AbstractAutowireCapableBeanFactory.doCreateBean(AbstractAutowireCapableBeanFactory.java:620) ~[spring-beans-5.3.19.jar:5.3.19]
INFO   | jvm 1    | 2022/06/26 10:00:17 | 	at org.springframework.beans.factory.support.AbstractAutowireCapableBeanFactory.createBean(AbstractAutowireCapableBeanFactory.java:542) ~[spring-beans-5.3.19.jar:5.3.19]
INFO   | jvm 1    | 2022/06/26 10:00:17 | 	at org.springframework.beans.factory.support.AbstractBeanFactory.lambda$doGetBean$0(AbstractBeanFactory.java:335) ~[spring-beans-5.3.19.jar:5.3.19]
INFO   | jvm 1    | 2022/06/26 10:00:17 | 	at org.springframework.beans.factory.support.DefaultSingletonBeanRegistry.getSingleton(DefaultSingletonBeanRegistry.java:234) ~[spring-beans-5.3.19.jar:5.3.19]
INFO   | jvm 1    | 2022/06/26 10:00:17 | 	at org.springframework.beans.factory.support.AbstractBeanFactory.doGetBean(AbstractBeanFactory.java:333) ~[spring-beans-5.3.19.jar:5.3.19]
INFO   | jvm 1    | 2022/06/26 10:00:17 | 	at org.springframework.beans.factory.support.AbstractBeanFactory.getBean(AbstractBeanFactory.java:208) ~[spring-beans-5.3.19.jar:5.3.19]
INFO   | jvm 1    | 2022/06/26 10:00:17 | 	at org.springframework.beans.factory.support.DefaultListableBeanFactory.preInstantiateSingletons(DefaultListableBeanFactory.java:953) ~[spring-beans-5.3.19.jar:5.3.19]
INFO   | jvm 1    | 2022/06/26 10:00:17 | 	at org.springframework.context.support.AbstractApplicationContext.finishBeanFactoryInitialization(AbstractApplicationContext.java:918) ~[spring-context-5.3.19.jar:5.3.19]
INFO   | jvm 1    | 2022/06/26 10:00:17 | 	at org.springframework.context.support.AbstractApplicationContext.refresh(AbstractApplicationContext.java:583) ~[spring-context-5.3.19.jar:5.3.19]
INFO   | jvm 1    | 2022/06/26 10:00:17 | 	at org.apache.xbean.spring.context.ResourceXmlApplicationContext.<init>(ResourceXmlApplicationContext.java:64) ~[xbean-spring-4.21.jar:4.21]
INFO   | jvm 1    | 2022/06/26 10:00:17 | 	at org.apache.xbean.spring.context.ResourceXmlApplicationContext.<init>(ResourceXmlApplicationContext.java:52) ~[xbean-spring-4.21.jar:4.21]
INFO   | jvm 1    | 2022/06/26 10:00:17 | 	at org.apache.activemq.xbean.XBeanBrokerFactory$1.<init>(XBeanBrokerFactory.java:104) ~[activemq-spring-5.17.1.jar:5.17.1]
INFO   | jvm 1    | 2022/06/26 10:00:17 | 	at org.apache.activemq.xbean.XBeanBrokerFactory.createApplicationContext(XBeanBrokerFactory.java:104) ~[activemq-spring-5.17.1.jar:5.17.1]
INFO   | jvm 1    | 2022/06/26 10:00:17 | 	at org.apache.activemq.xbean.XBeanBrokerFactory.createBroker(XBeanBrokerFactory.java:67) ~[activemq-spring-5.17.1.jar:5.17.1]
INFO   | jvm 1    | 2022/06/26 10:00:17 | 	at org.apache.activemq.broker.BrokerFactory.createBroker(BrokerFactory.java:71) ~[activemq-broker-5.17.1.jar:5.17.1]
INFO   | jvm 1    | 2022/06/26 10:00:17 | 	at org.apache.activemq.broker.BrokerFactory.createBroker(BrokerFactory.java:54) ~[activemq-broker-5.17.1.jar:5.17.1]
INFO   | jvm 1    | 2022/06/26 10:00:17 | 	at org.apache.activemq.console.command.StartCommand.runTask(StartCommand.java:87) ~[activemq-console-5.17.1.jar:5.17.1]
INFO   | jvm 1    | 2022/06/26 10:00:17 | 	at org.apache.activemq.console.command.AbstractCommand.execute(AbstractCommand.java:63) ~[activemq-console-5.17.1.jar:5.17.1]
INFO   | jvm 1    | 2022/06/26 10:00:17 | 	at org.apache.activemq.console.command.ShellCommand.runTask(ShellCommand.java:154) ~[activemq-console-5.17.1.jar:5.17.1]
INFO   | jvm 1    | 2022/06/26 10:00:17 | 	at org.apache.activemq.console.command.AbstractCommand.execute(AbstractCommand.java:63) ~[activemq-console-5.17.1.jar:5.17.1]
INFO   | jvm 1    | 2022/06/26 10:00:17 | 	at org.apache.activemq.console.command.ShellCommand.main(ShellCommand.java:104) ~[activemq-console-5.17.1.jar:5.17.1]
INFO   | jvm 1    | 2022/06/26 10:00:17 | 	at jdk.internal.reflect.NativeMethodAccessorImpl.invoke0(Native Method) ~[?:?]
INFO   | jvm 1    | 2022/06/26 10:00:17 | 	at jdk.internal.reflect.NativeMethodAccessorImpl.invoke(NativeMethodAccessorImpl.java:77) ~[?:?]
INFO   | jvm 1    | 2022/06/26 10:00:17 | 	at jdk.internal.reflect.DelegatingMethodAccessorImpl.invoke(DelegatingMethodAccessorImpl.java:43) ~[?:?]
INFO   | jvm 1    | 2022/06/26 10:00:17 | 	at java.lang.reflect.Method.invoke(Method.java:568) ~[?:?]
INFO   | jvm 1    | 2022/06/26 10:00:17 | 	at org.apache.activemq.console.Main.runTaskClass(Main.java:262) ~[activemq.jar:5.17.1]
INFO   | jvm 1    | 2022/06/26 10:00:17 | 	at org.apache.activemq.console.Main.main(Main.java:115) ~[activemq.jar:5.17.1]
INFO   | jvm 1    | 2022/06/26 10:00:17 | 	at jdk.internal.reflect.NativeMethodAccessorImpl.invoke0(Native Method) ~[?:?]
INFO   | jvm 1    | 2022/06/26 10:00:17 | 	at jdk.internal.reflect.NativeMethodAccessorImpl.invoke(NativeMethodAccessorImpl.java:77) ~[?:?]
INFO   | jvm 1    | 2022/06/26 10:00:17 | 	at jdk.internal.reflect.DelegatingMethodAccessorImpl.invoke(DelegatingMethodAccessorImpl.java:43) ~[?:?]
INFO   | jvm 1    | 2022/06/26 10:00:17 | 	at java.lang.reflect.Method.invoke(Method.java:568) ~[?:?]
INFO   | jvm 1    | 2022/06/26 10:00:17 | 	at org.tanukisoftware.wrapper.WrapperSimpleApp.run(WrapperSimpleApp.java:240) ~[wrapper.jar:3.2.3]
INFO   | jvm 1    | 2022/06/26 10:00:17 | 	at java.lang.Thread.run(Thread.java:833) ~[?:?]
INFO   | jvm 1    | 2022/06/26 10:00:17 | Caused by: java.io.IOException: Failed to bind to server socket: tcp://0.0.0.0:61616?maximumConnections=1000&wireFormat.maxFrameSize=104857600 due to: java.net.BindException: Address already in use: bind
INFO   | jvm 1    | 2022/06/26 10:00:17 | 	at org.apache.activemq.util.IOExceptionSupport.create(IOExceptionSupport.java:36) ~[activemq-client-5.17.1.jar:5.17.1]
INFO   | jvm 1    | 2022/06/26 10:00:17 | 	at org.apache.activemq.transport.tcp.TcpTransportServer.bind(TcpTransportServer.java:146) ~[activemq-client-5.17.1.jar:5.17.1]
INFO   | jvm 1    | 2022/06/26 10:00:17 | 	at org.apache.activemq.transport.tcp.TcpTransportFactory.doBind(TcpTransportFactory.java:62) ~[activemq-client-5.17.1.jar:5.17.1]
INFO   | jvm 1    | 2022/06/26 10:00:17 | 	at org.apache.activemq.transport.TransportFactorySupport.bind(TransportFactorySupport.java:40) ~[activemq-broker-5.17.1.jar:5.17.1]
INFO   | jvm 1    | 2022/06/26 10:00:17 | 	at org.apache.activemq.broker.TransportConnector.createTransportServer(TransportConnector.java:336) ~[activemq-broker-5.17.1.jar:5.17.1]
INFO   | jvm 1    | 2022/06/26 10:00:17 | 	at org.apache.activemq.broker.TransportConnector.getServer(TransportConnector.java:146) ~[activemq-broker-5.17.1.jar:5.17.1]
INFO   | jvm 1    | 2022/06/26 10:00:17 | 	at org.apache.activemq.broker.TransportConnector.asManagedConnector(TransportConnector.java:111) ~[activemq-broker-5.17.1.jar:5.17.1]
INFO   | jvm 1    | 2022/06/26 10:00:17 | 	at org.apache.activemq.broker.BrokerService.registerConnectorMBean(BrokerService.java:2236) ~[activemq-broker-5.17.1.jar:5.17.1]
INFO   | jvm 1    | 2022/06/26 10:00:17 | 	... 46 more
INFO   | jvm 1    | 2022/06/26 10:00:17 | Caused by: java.net.BindException: Address already in use: bind
INFO   | jvm 1    | 2022/06/26 10:00:17 | 	at sun.nio.ch.Net.bind0(Native Method) ~[?:?]
INFO   | jvm 1    | 2022/06/26 10:00:17 | 	at sun.nio.ch.Net.bind(Net.java:555) ~[?:?]
INFO   | jvm 1    | 2022/06/26 10:00:17 | 	at sun.nio.ch.Net.bind(Net.java:544) ~[?:?]
INFO   | jvm 1    | 2022/06/26 10:00:17 | 	at sun.nio.ch.NioSocketImpl.bind(NioSocketImpl.java:643) ~[?:?]
INFO   | jvm 1    | 2022/06/26 10:00:17 | 	at java.net.ServerSocket.bind(ServerSocket.java:388) ~[?:?]
INFO   | jvm 1    | 2022/06/26 10:00:17 | 	at java.net.ServerSocket.<init>(ServerSocket.java:274) ~[?:?]
INFO   | jvm 1    | 2022/06/26 10:00:17 | 	at javax.net.DefaultServerSocketFactory.createServerSocket(ServerSocketFactory.java:231) ~[?:?]
INFO   | jvm 1    | 2022/06/26 10:00:17 | 	at org.apache.activemq.transport.tcp.TcpTransportServer.bind(TcpTransportServer.java:143) ~[activemq-client-5.17.1.jar:5.17.1]
INFO   | jvm 1    | 2022/06/26 10:00:17 | 	at org.apache.activemq.transport.tcp.TcpTransportFactory.doBind(TcpTransportFactory.java:62) ~[activemq-client-5.17.1.jar:5.17.1]
INFO   | jvm 1    | 2022/06/26 10:00:17 | 	at org.apache.activemq.transport.TransportFactorySupport.bind(TransportFactorySupport.java:40) ~[activemq-broker-5.17.1.jar:5.17.1]
INFO   | jvm 1    | 2022/06/26 10:00:17 | 	at org.apache.activemq.broker.TransportConnector.createTransportServer(TransportConnector.java:336) ~[activemq-broker-5.17.1.jar:5.17.1]
INFO   | jvm 1    | 2022/06/26 10:00:17 | 	at org.apache.activemq.broker.TransportConnector.getServer(TransportConnector.java:146) ~[activemq-broker-5.17.1.jar:5.17.1]
INFO   | jvm 1    | 2022/06/26 10:00:17 | 	at org.apache.activemq.broker.TransportConnector.asManagedConnector(TransportConnector.java:111) ~[activemq-broker-5.17.1.jar:5.17.1]
INFO   | jvm 1    | 2022/06/26 10:00:17 | 	at org.apache.activemq.broker.BrokerService.registerConnectorMBean(BrokerService.java:2236) ~[activemq-broker-5.17.1.jar:5.17.1]
INFO   | jvm 1    | 2022/06/26 10:00:17 | 	... 46 more
INFO   | jvm 1    | 2022/06/26 10:00:17 |  INFO | Apache ActiveMQ 5.17.1 (localhost, ID:DESKTOP-AMB05AH-53212-1656230417215-0:1) is shutting down
INFO   | jvm 1    | 2022/06/26 10:00:17 |  INFO | Connector openwire stopped
INFO   | jvm 1    | 2022/06/26 10:00:17 |  INFO | Connector amqp stopped
INFO   | jvm 1    | 2022/06/26 10:00:17 |  INFO | Connector stomp stopped
INFO   | jvm 1    | 2022/06/26 10:00:17 |  INFO | Connector mqtt stopped
INFO   | jvm 1    | 2022/06/26 10:00:17 |  INFO | Connector ws stopped
INFO   | jvm 1    | 2022/06/26 10:00:17 |  INFO | PListStore:[C:\dev\disys\DISYS-ChargingStation\ActiveMQ\apache-activemq-5.17.1\bin\win64\..\..\data\localhost\tmp_storage] stopped
INFO   | jvm 1    | 2022/06/26 10:00:17 |  INFO | Stopping async queue tasks
INFO   | jvm 1    | 2022/06/26 10:00:17 |  INFO | Stopping async topic tasks
INFO   | jvm 1    | 2022/06/26 10:00:17 |  INFO | Stopped KahaDB
INFO   | jvm 1    | 2022/06/26 10:00:17 |  INFO | Apache ActiveMQ 5.17.1 (localhost, ID:DESKTOP-AMB05AH-53212-1656230417215-0:1) uptime 0.961 seconds
INFO   | jvm 1    | 2022/06/26 10:00:17 |  INFO | Apache ActiveMQ 5.17.1 (localhost, ID:DESKTOP-AMB05AH-53212-1656230417215-0:1) is shutdown
INFO   | jvm 1    | 2022/06/26 10:00:17 |  WARN | Exception encountered during context initialization - cancelling refresh attempt: org.springframework.beans.factory.BeanCreationException: Error creating bean with name 'org.apache.activemq.xbean.XBeanBrokerService#0' defined in class path resource [activemq.xml]: Invocation of init method failed; nested exception is java.io.IOException: Transport Connector could not be registered in JMX: java.io.IOException: Failed to bind to server socket: tcp://0.0.0.0:61616?maximumConnections=1000&wireFormat.maxFrameSize=104857600 due to: java.net.BindException: Address already in use: bind
INFO   | jvm 1    | 2022/06/26 10:00:17 | ERROR: java.lang.RuntimeException: Failed to execute start task. Reason: java.lang.IllegalStateException: BeanFactory not initialized or already closed - call 'refresh' before accessing beans via the ApplicationContext
INFO   | jvm 1    | 2022/06/26 10:00:17 | java.lang.RuntimeException: Failed to execute start task. Reason: java.lang.IllegalStateException: BeanFactory not initialized or already closed - call 'refresh' before accessing beans via the ApplicationContext
INFO   | jvm 1    | 2022/06/26 10:00:17 | 	at org.apache.activemq.console.command.StartCommand.runTask(StartCommand.java:91)
INFO   | jvm 1    | 2022/06/26 10:00:17 | 	at org.apache.activemq.console.command.AbstractCommand.execute(AbstractCommand.java:63)
INFO   | jvm 1    | 2022/06/26 10:00:17 | 	at org.apache.activemq.console.command.ShellCommand.runTask(ShellCommand.java:154)
INFO   | jvm 1    | 2022/06/26 10:00:17 | 	at org.apache.activemq.console.command.AbstractCommand.execute(AbstractCommand.java:63)
INFO   | jvm 1    | 2022/06/26 10:00:17 | 	at org.apache.activemq.console.command.ShellCommand.main(ShellCommand.java:104)
INFO   | jvm 1    | 2022/06/26 10:00:17 | 	at java.base/jdk.internal.reflect.NativeMethodAccessorImpl.invoke0(Native Method)
INFO   | jvm 1    | 2022/06/26 10:00:17 | 	at java.base/jdk.internal.reflect.NativeMethodAccessorImpl.invoke(NativeMethodAccessorImpl.java:77)
INFO   | jvm 1    | 2022/06/26 10:00:17 | 	at java.base/jdk.internal.reflect.DelegatingMethodAccessorImpl.invoke(DelegatingMethodAccessorImpl.java:43)
INFO   | jvm 1    | 2022/06/26 10:00:17 | 	at java.base/java.lang.reflect.Method.invoke(Method.java:568)
INFO   | jvm 1    | 2022/06/26 10:00:17 | 	at org.apache.activemq.console.Main.runTaskClass(Main.java:262)
INFO   | jvm 1    | 2022/06/26 10:00:17 | 	at org.apache.activemq.console.Main.main(Main.java:115)
INFO   | jvm 1    | 2022/06/26 10:00:17 | 	at java.base/jdk.internal.reflect.NativeMethodAccessorImpl.invoke0(Native Method)
INFO   | jvm 1    | 2022/06/26 10:00:17 | 	at java.base/jdk.internal.reflect.NativeMethodAccessorImpl.invoke(NativeMethodAccessorImpl.java:77)
INFO   | jvm 1    | 2022/06/26 10:00:17 | 	at java.base/jdk.internal.reflect.DelegatingMethodAccessorImpl.invoke(DelegatingMethodAccessorImpl.java:43)
INFO   | jvm 1    | 2022/06/26 10:00:17 | 	at java.base/java.lang.reflect.Method.invoke(Method.java:568)
INFO   | jvm 1    | 2022/06/26 10:00:17 | 	at org.tanukisoftware.wrapper.WrapperSimpleApp.run(WrapperSimpleApp.java:240)
INFO   | jvm 1    | 2022/06/26 10:00:17 | 	at java.base/java.lang.Thread.run(Thread.java:833)
INFO   | jvm 1    | 2022/06/26 10:00:17 | Caused by: java.lang.IllegalStateException: BeanFactory not initialized or already closed - call 'refresh' before accessing beans via the ApplicationContext
INFO   | jvm 1    | 2022/06/26 10:00:17 | 	at org.springframework.context.support.AbstractRefreshableApplicationContext.getBeanFactory(AbstractRefreshableApplicationContext.java:168)
INFO   | jvm 1    | 2022/06/26 10:00:17 | 	at org.springframework.context.support.AbstractApplicationContext.destroyBeans(AbstractApplicationContext.java:1106)
INFO   | jvm 1    | 2022/06/26 10:00:17 | 	at org.springframework.context.support.AbstractApplicationContext.refresh(AbstractApplicationContext.java:596)
INFO   | jvm 1    | 2022/06/26 10:00:17 | 	at org.apache.xbean.spring.context.ResourceXmlApplicationContext.<init>(ResourceXmlApplicationContext.java:64)
INFO   | jvm 1    | 2022/06/26 10:00:17 | 	at org.apache.xbean.spring.context.ResourceXmlApplicationContext.<init>(ResourceXmlApplicationContext.java:52)
INFO   | jvm 1    | 2022/06/26 10:00:17 | 	at org.apache.activemq.xbean.XBeanBrokerFactory$1.<init>(XBeanBrokerFactory.java:104)
INFO   | jvm 1    | 2022/06/26 10:00:17 | 	at org.apache.activemq.xbean.XBeanBrokerFactory.createApplicationContext(XBeanBrokerFactory.java:104)
INFO   | jvm 1    | 2022/06/26 10:00:17 | 	at org.apache.activemq.xbean.XBeanBrokerFactory.createBroker(XBeanBrokerFactory.java:67)
INFO   | jvm 1    | 2022/06/26 10:00:17 | 	at org.apache.activemq.broker.BrokerFactory.createBroker(BrokerFactory.java:71)
INFO   | jvm 1    | 2022/06/26 10:00:17 | 	at org.apache.activemq.broker.BrokerFactory.createBroker(BrokerFactory.java:54)
INFO   | jvm 1    | 2022/06/26 10:00:17 | 	at org.apache.activemq.console.command.StartCommand.runTask(StartCommand.java:87)
INFO   | jvm 1    | 2022/06/26 10:00:17 | 	... 16 more
INFO   | jvm 1    | 2022/06/26 10:00:17 | ERROR: java.lang.IllegalStateException: BeanFactory not initialized or already closed - call 'refresh' before accessing beans via the ApplicationContext
INFO   | jvm 1    | 2022/06/26 10:00:17 | java.lang.IllegalStateException: BeanFactory not initialized or already closed - call 'refresh' before accessing beans via the ApplicationContext
INFO   | jvm 1    | 2022/06/26 10:00:17 | 	at org.springframework.context.support.AbstractRefreshableApplicationContext.getBeanFactory(AbstractRefreshableApplicationContext.java:168)
INFO   | jvm 1    | 2022/06/26 10:00:17 | 	at org.springframework.context.support.AbstractApplicationContext.destroyBeans(AbstractApplicationContext.java:1106)
INFO   | jvm 1    | 2022/06/26 10:00:17 | 	at org.springframework.context.support.AbstractApplicationContext.refresh(AbstractApplicationContext.java:596)
INFO   | jvm 1    | 2022/06/26 10:00:17 | 	at org.apache.xbean.spring.context.ResourceXmlApplicationContext.<init>(ResourceXmlApplicationContext.java:64)
INFO   | jvm 1    | 2022/06/26 10:00:17 | 	at org.apache.xbean.spring.context.ResourceXmlApplicationContext.<init>(ResourceXmlApplicationContext.java:52)
INFO   | jvm 1    | 2022/06/26 10:00:17 | 	at org.apache.activemq.xbean.XBeanBrokerFactory$1.<init>(XBeanBrokerFactory.java:104)
INFO   | jvm 1    | 2022/06/26 10:00:17 | 	at org.apache.activemq.xbean.XBeanBrokerFactory.createApplicationContext(XBeanBrokerFactory.java:104)
INFO   | jvm 1    | 2022/06/26 10:00:17 | 	at org.apache.activemq.xbean.XBeanBrokerFactory.createBroker(XBeanBrokerFactory.java:67)
INFO   | jvm 1    | 2022/06/26 10:00:17 | 	at org.apache.activemq.broker.BrokerFactory.createBroker(BrokerFactory.java:71)
INFO   | jvm 1    | 2022/06/26 10:00:17 | 	at org.apache.activemq.broker.BrokerFactory.createBroker(BrokerFactory.java:54)
INFO   | jvm 1    | 2022/06/26 10:00:17 | 	at org.apache.activemq.console.command.StartCommand.runTask(StartCommand.java:87)
INFO   | jvm 1    | 2022/06/26 10:00:17 | 	at org.apache.activemq.console.command.AbstractCommand.execute(AbstractCommand.java:63)
INFO   | jvm 1    | 2022/06/26 10:00:17 | 	at org.apache.activemq.console.command.ShellCommand.runTask(ShellCommand.java:154)
INFO   | jvm 1    | 2022/06/26 10:00:17 | 	at org.apache.activemq.console.command.AbstractCommand.execute(AbstractCommand.java:63)
INFO   | jvm 1    | 2022/06/26 10:00:17 | 	at org.apache.activemq.console.command.ShellCommand.main(ShellCommand.java:104)
INFO   | jvm 1    | 2022/06/26 10:00:17 | 	at java.base/jdk.internal.reflect.NativeMethodAccessorImpl.invoke0(Native Method)
INFO   | jvm 1    | 2022/06/26 10:00:17 | 	at java.base/jdk.internal.reflect.NativeMethodAccessorImpl.invoke(NativeMethodAccessorImpl.java:77)
INFO   | jvm 1    | 2022/06/26 10:00:17 | 	at java.base/jdk.internal.reflect.DelegatingMethodAccessorImpl.invoke(DelegatingMethodAccessorImpl.java:43)
INFO   | jvm 1    | 2022/06/26 10:00:17 | 	at java.base/java.lang.reflect.Method.invoke(Method.java:568)
INFO   | jvm 1    | 2022/06/26 10:00:17 | 	at org.apache.activemq.console.Main.runTaskClass(Main.java:262)
INFO   | jvm 1    | 2022/06/26 10:00:17 | 	at org.apache.activemq.console.Main.main(Main.java:115)
INFO   | jvm 1    | 2022/06/26 10:00:17 | 	at java.base/jdk.internal.reflect.NativeMethodAccessorImpl.invoke0(Native Method)
INFO   | jvm 1    | 2022/06/26 10:00:17 | 	at java.base/jdk.internal.reflect.NativeMethodAccessorImpl.invoke(NativeMethodAccessorImpl.java:77)
INFO   | jvm 1    | 2022/06/26 10:00:17 | 	at java.base/jdk.internal.reflect.DelegatingMethodAccessorImpl.invoke(DelegatingMethodAccessorImpl.java:43)
INFO   | jvm 1    | 2022/06/26 10:00:17 | 	at java.base/java.lang.reflect.Method.invoke(Method.java:568)
INFO   | jvm 1    | 2022/06/26 10:00:17 | 	at org.tanukisoftware.wrapper.WrapperSimpleApp.run(WrapperSimpleApp.java:240)
INFO   | jvm 1    | 2022/06/26 10:00:17 | 	at java.base/java.lang.Thread.run(Thread.java:833)
STATUS | wrapper  | 2022/06/26 10:00:20 | <-- Wrapper Stopped
STATUS | wrapper  | 2022/06/26 10:09:57 | --> Wrapper Started as Console
STATUS | wrapper  | 2022/06/26 10:09:58 | Launching a JVM...
INFO   | jvm 1    | 2022/06/26 10:09:58 | Wrapper (Version 3.2.3) http://wrapper.tanukisoftware.org
INFO   | jvm 1    | 2022/06/26 10:09:58 |   Copyright 1999-2006 Tanuki Software, Inc.  All Rights Reserved.
INFO   | jvm 1    | 2022/06/26 10:09:58 | 
INFO   | jvm 1    | 2022/06/26 10:09:59 | Java Runtime: Oracle Corporation 17.0.2 C:\JDK\jdk-17.0.2
INFO   | jvm 1    | 2022/06/26 10:09:59 |   Heap sizes: current=1048576k  free=1038336k  max=1048576k
INFO   | jvm 1    | 2022/06/26 10:09:59 |     JVM args: -Dactivemq.home=../.. -Dactivemq.base=../.. -Djavax.net.ssl.keyStorePassword=password -Djavax.net.ssl.trustStorePassword=password -Djavax.net.ssl.keyStore=../../conf/broker.ks -Djavax.net.ssl.trustStore=../../conf/broker.ts -Dcom.sun.management.jmxremote -Dorg.apache.activemq.UseDedicatedTaskRunner=false -Djava.util.logging.config.file=logging.properties -Dactivemq.conf=../../conf -Dactivemq.data=../../data -Djava.security.auth.login.config=../../conf/login.config -Xms1024m -Xmx1024m -Djava.library.path=../../bin/win64 -Dwrapper.key=8lZz6N2ggLK_CkzJ -Dwrapper.port=32000 -Dwrapper.jvm.port.min=31000 -Dwrapper.jvm.port.max=31999 -Dwrapper.pid=6964 -Dwrapper.version=3.2.3 -Dwrapper.native_library=wrapper -Dwrapper.cpu.timeout=10 -Dwrapper.jvmid=1
INFO   | jvm 1    | 2022/06/26 10:09:59 | Extensions classpath:
INFO   | jvm 1    | 2022/06/26 10:09:59 |   [..\..\lib,..\..\lib\camel,..\..\lib\optional,..\..\lib\web,..\..\lib\extra]
INFO   | jvm 1    | 2022/06/26 10:09:59 | ACTIVEMQ_HOME: ..\..
INFO   | jvm 1    | 2022/06/26 10:09:59 | ACTIVEMQ_BASE: ..\..
INFO   | jvm 1    | 2022/06/26 10:09:59 | ACTIVEMQ_CONF: ..\..\conf
INFO   | jvm 1    | 2022/06/26 10:09:59 | ACTIVEMQ_DATA: ..\..\data
INFO   | jvm 1    | 2022/06/26 10:10:03 | Loading message broker from: xbean:activemq.xml
INFO   | jvm 1    | 2022/06/26 10:10:04 |  INFO | Using Persistence Adapter: KahaDBPersistenceAdapter[C:\dev\disys\DISYS-ChargingStation\ActiveMQ\apache-activemq-5.17.1\bin\win64\..\..\data\kahadb]
INFO   | jvm 1    | 2022/06/26 10:10:04 |  INFO | KahaDB is version 7
INFO   | jvm 1    | 2022/06/26 10:10:04 |  INFO | PListStore:[C:\dev\disys\DISYS-ChargingStation\ActiveMQ\apache-activemq-5.17.1\bin\win64\..\..\data\localhost\tmp_storage] started
INFO   | jvm 1    | 2022/06/26 10:10:04 |  INFO | Apache ActiveMQ 5.17.1 (localhost, ID:DESKTOP-AMB05AH-50461-1656231004500-0:1) is starting
INFO   | jvm 1    | 2022/06/26 10:10:04 |  INFO | Listening for connections at: tcp://DESKTOP-AMB05AH:61616?maximumConnections=1000&wireFormat.maxFrameSize=104857600
INFO   | jvm 1    | 2022/06/26 10:10:04 |  INFO | Connector openwire started
INFO   | jvm 1    | 2022/06/26 10:10:04 |  INFO | Listening for connections at: amqp://DESKTOP-AMB05AH:5672?maximumConnections=1000&wireFormat.maxFrameSize=104857600
INFO   | jvm 1    | 2022/06/26 10:10:04 |  INFO | Connector amqp started
INFO   | jvm 1    | 2022/06/26 10:10:04 |  INFO | Listening for connections at: stomp://DESKTOP-AMB05AH:61613?maximumConnections=1000&wireFormat.maxFrameSize=104857600
INFO   | jvm 1    | 2022/06/26 10:10:04 |  INFO | Connector stomp started
INFO   | jvm 1    | 2022/06/26 10:10:04 |  INFO | Listening for connections at: mqtt://DESKTOP-AMB05AH:1883?maximumConnections=1000&wireFormat.maxFrameSize=104857600
INFO   | jvm 1    | 2022/06/26 10:10:04 |  INFO | Connector mqtt started
INFO   | jvm 1    | 2022/06/26 10:10:04 |  INFO | Starting Jetty server
INFO   | jvm 1    | 2022/06/26 10:10:04 |  INFO | Creating Jetty connector
INFO   | jvm 1    | 2022/06/26 10:10:04 |  WARN | ServletContext@o.e.j.s.ServletContextHandler@4e5d5655{/,null,STARTING} has uncovered http methods for path: /
INFO   | jvm 1    | 2022/06/26 10:10:05 |  INFO | Listening for connections at ws://DESKTOP-AMB05AH:61614?maximumConnections=1000&wireFormat.maxFrameSize=104857600
INFO   | jvm 1    | 2022/06/26 10:10:05 |  INFO | Connector ws started
INFO   | jvm 1    | 2022/06/26 10:10:05 |  INFO | Apache ActiveMQ 5.17.1 (localhost, ID:DESKTOP-AMB05AH-50461-1656231004500-0:1) started
INFO   | jvm 1    | 2022/06/26 10:10:05 |  INFO | For help or more information please see: http://activemq.apache.org
INFO   | jvm 1    | 2022/06/26 10:10:05 |  INFO | ActiveMQ WebConsole available at http://127.0.0.1:8161/
INFO   | jvm 1    | 2022/06/26 10:10:05 |  INFO | ActiveMQ Jolokia REST API available at http://127.0.0.1:8161/api/jolokia/
